#! /c/Source/iverilog-install/bin/vvp
:ivl_version "12.0 (devel)" "(s20150603-1539-g2693dd32b)";
:ivl_delay_selection "TYPICAL";
:vpi_time_precision - 12;
:vpi_module "C:\iverilog\lib\ivl\system.vpi";
:vpi_module "C:\iverilog\lib\ivl\vhdl_sys.vpi";
:vpi_module "C:\iverilog\lib\ivl\vhdl_textio.vpi";
:vpi_module "C:\iverilog\lib\ivl\v2005_math.vpi";
:vpi_module "C:\iverilog\lib\ivl\va_math.vpi";
S_000001daddc17750 .scope module, "_5bitDownMeth_tb" "_5bitDownMeth_tb" 2 4;
 .timescale -9 -12;
v000001daddc21980_0 .var "clk", 0 0;
v000001daddc21a20_0 .var "en", 0 0;
v000001daddc22380_0 .net "o", 4 0, L_000001daddc16d30;  1 drivers
v000001daddc222e0_0 .var "set", 0 0;
S_000001daddc19490 .scope module, "uut" "_5bitDownMeth" 2 8, 3 3 0, S_000001daddc17750;
 .timescale 0 0;
    .port_info 0 /INPUT 1 "clk";
    .port_info 1 /INPUT 1 "set";
    .port_info 2 /INPUT 1 "en";
    .port_info 3 /OUTPUT 5 "o";
L_000001daddc16d30 .functor BUFZ 5, v000001daddc27860_0, C4<00000>, C4<00000>, C4<00000>;
v000001daddd2e1f0_0 .net "clk", 0 0, v000001daddc21980_0;  1 drivers
v000001daddd2e290_0 .net "en", 0 0, v000001daddc21a20_0;  1 drivers
v000001daddd2e330_0 .net "i_temp", 4 0, L_000001daddc21c00;  1 drivers
v000001daddd2e3d0_0 .net "o", 4 0, L_000001daddc16d30;  alias, 1 drivers
v000001daddc21f20_0 .net "o_temp", 4 0, v000001daddc27860_0;  1 drivers
v000001daddc21fc0_0 .net "set", 0 0, v000001daddc222e0_0;  1 drivers
S_000001daddc19620 .scope module, "uut_dff" "dff" 3 9, 4 3 0, S_000001daddc19490;
 .timescale -9 -12;
    .port_info 0 /INPUT 1 "clk";
    .port_info 1 /INPUT 1 "set";
    .port_info 2 /INPUT 1 "en";
    .port_info 3 /INPUT 5 "i";
    .port_info 4 /OUTPUT 5 "o";
L_000001daddc169b0 .functor BUFZ 5, L_000001daddc21c00, C4<00000>, C4<00000>, C4<00000>;
v000001daddbf3360_0 .net "clk", 0 0, v000001daddc21980_0;  alias, 1 drivers
v000001daddc178e0_0 .net "en", 0 0, v000001daddc21a20_0;  alias, 1 drivers
v000001daddd2cbb0_0 .net "i", 4 0, L_000001daddc21c00;  alias, 1 drivers
v000001daddc27720_0 .net "o", 4 0, v000001daddc27860_0;  alias, 1 drivers
v000001daddc277c0_0 .net "o_next", 4 0, L_000001daddc169b0;  1 drivers
v000001daddc27860_0 .var "o_reg", 4 0;
v000001daddc27900_0 .net "set", 0 0, v000001daddc222e0_0;  alias, 1 drivers
E_000001daddc15ae0 .event posedge, v000001daddc27900_0, v000001daddbf3360_0;
S_000001daddc279a0 .scope module, "uut_subOne" "subOne" 3 14, 5 3 0, S_000001daddc19490;
 .timescale -9 -12;
    .port_info 0 /INPUT 5 "i";
    .port_info 1 /OUTPUT 5 "o";
L_000001daddc77028 .functor BUFT 1, C4<00001>, C4<0>, C4<0>, C4<0>;
v000001daddd2e010_0 .net/2u *"_ivl_0", 4 0, L_000001daddc77028;  1 drivers
v000001daddd2e0b0_0 .net "i", 4 0, v000001daddc27860_0;  alias, 1 drivers
v000001daddd2e150_0 .net "o", 4 0, L_000001daddc21c00;  alias, 1 drivers
L_000001daddc21c00 .arith/sub 5, v000001daddc27860_0, L_000001daddc77028;
    .scope S_000001daddc19620;
T_0 ;
    %wait E_000001daddc15ae0;
    %load/vec4 v000001daddc27900_0;
    %flag_set/vec4 8;
    %jmp/0xz  T_0.0, 8;
    %pushi/vec4 15, 0, 5;
    %assign/vec4 v000001daddc27860_0, 0;
    %jmp T_0.1;
T_0.0 ;
    %load/vec4 v000001daddc178e0_0;
    %flag_set/vec4 8;
    %jmp/0xz  T_0.2, 8;
    %load/vec4 v000001daddc277c0_0;
    %assign/vec4 v000001daddc27860_0, 0;
T_0.2 ;
T_0.1 ;
    %jmp T_0;
    .thread T_0;
    .scope S_000001daddc17750;
T_1 ;
    %load/vec4 v000001daddc21980_0;
    %inv;
    %store/vec4 v000001daddc21980_0, 0, 1;
    %delay 5000, 0;
    %jmp T_1;
    .thread T_1;
    .scope S_000001daddc17750;
T_2 ;
    %vpi_call 2 19 "$dumpfile", "_5bitDownMeth_tb.vcd" {0 0 0};
    %vpi_call 2 20 "$dumpvars", 32'sb00000000000000000000000000000000, S_000001daddc17750 {0 0 0};
    %pushi/vec4 0, 0, 1;
    %assign/vec4 v000001daddc21980_0, 0;
    %pushi/vec4 1, 0, 1;
    %assign/vec4 v000001daddc222e0_0, 0;
    %pushi/vec4 0, 0, 1;
    %assign/vec4 v000001daddc21a20_0, 0;
    %delay 10000, 0;
    %pushi/vec4 1, 0, 1;
    %assign/vec4 v000001daddc21a20_0, 0;
    %pushi/vec4 0, 0, 1;
    %assign/vec4 v000001daddc222e0_0, 0;
    %delay 150000, 0;
    %vpi_call 2 30 "$finish" {0 0 0};
    %end;
    .thread T_2;
    .scope S_000001daddc17750;
T_3 ;
    %vpi_call 2 34 "$monitor", $time, " clk=%b, set=%b, en=%b, o=%b", v000001daddc21980_0, v000001daddc222e0_0, v000001daddc21a20_0, v000001daddc22380_0 {0 0 0};
    %end;
    .thread T_3;
# The file index is used to find the file name in the following table.
:file_names 6;
    "N/A";
    "<interactive>";
    "_5bitDownMeth_tb.v";
    "_5bitDownMeth.v";
    "dff.v";
    "subOne.v";
