#! /c/Source/iverilog-install/bin/vvp
:ivl_version "12.0 (devel)" "(s20150603-1539-g2693dd32b)";
:ivl_delay_selection "TYPICAL";
:vpi_time_precision - 12;
:vpi_module "C:\iverilog\lib\ivl\system.vpi";
:vpi_module "C:\iverilog\lib\ivl\vhdl_sys.vpi";
:vpi_module "C:\iverilog\lib\ivl\vhdl_textio.vpi";
:vpi_module "C:\iverilog\lib\ivl\v2005_math.vpi";
:vpi_module "C:\iverilog\lib\ivl\va_math.vpi";
S_000001f030dbdff0 .scope module, "Demux" "Demux" 2 1;
 .timescale 0 0;
    .port_info 0 /INPUT 1 "I";
    .port_info 1 /INPUT 2 "S";
    .port_info 2 /OUTPUT 4 "Y";
L_000001f030dbc280 .functor AND 1, L_000001f030e22290, L_000001f030e22ab0, C4<1>, C4<1>;
o000001f030dcef28 .functor BUFZ 1, C4<z>; HiZ drive
L_000001f030dbb790 .functor AND 1, L_000001f030dbc280, o000001f030dcef28, C4<1>, C4<1>;
L_000001f030dbb950 .functor NOT 1, L_000001f030e223d0, C4<0>, C4<0>, C4<0>;
L_000001f030dbb870 .functor AND 1, L_000001f030e23910, L_000001f030dbb950, C4<1>, C4<1>;
L_000001f030dbb8e0 .functor AND 1, L_000001f030dbb870, o000001f030dcef28, C4<1>, C4<1>;
L_000001f030dbb9c0 .functor NOT 1, L_000001f030e23a50, C4<0>, C4<0>, C4<0>;
L_000001f030dbc1a0 .functor AND 1, L_000001f030dbb9c0, L_000001f030e226f0, C4<1>, C4<1>;
L_000001f030dbb560 .functor AND 1, L_000001f030dbc1a0, o000001f030dcef28, C4<1>, C4<1>;
L_000001f030dbbaa0 .functor NOT 1, L_000001f030e230f0, C4<0>, C4<0>, C4<0>;
L_000001f030dbba30 .functor NOT 1, L_000001f030e22bf0, C4<0>, C4<0>, C4<0>;
L_000001f030dbbb10 .functor AND 1, L_000001f030dbbaa0, L_000001f030dbba30, C4<1>, C4<1>;
L_000001f030dbc2f0 .functor AND 1, L_000001f030dbbb10, o000001f030dcef28, C4<1>, C4<1>;
v000001f030db83e0_0 .net "I", 0 0, o000001f030dcef28;  0 drivers
o000001f030dcef58 .functor BUFZ 2, C4<zz>; HiZ drive
v000001f030db8f20_0 .net "S", 1 0, o000001f030dcef58;  0 drivers
v000001f030db8de0_0 .net "Y", 3 0, L_000001f030e22970;  1 drivers
v000001f030db8660_0 .net *"_ivl_13", 0 0, L_000001f030e23910;  1 drivers
v000001f030db8480_0 .net *"_ivl_15", 0 0, L_000001f030e223d0;  1 drivers
v000001f030db9100_0 .net *"_ivl_16", 0 0, L_000001f030dbb950;  1 drivers
v000001f030db8c00_0 .net *"_ivl_18", 0 0, L_000001f030dbb870;  1 drivers
v000001f030db9240_0 .net *"_ivl_20", 0 0, L_000001f030dbb8e0;  1 drivers
v000001f030db8520_0 .net *"_ivl_25", 0 0, L_000001f030e23a50;  1 drivers
v000001f030db85c0_0 .net *"_ivl_26", 0 0, L_000001f030dbb9c0;  1 drivers
v000001f030db8700_0 .net *"_ivl_29", 0 0, L_000001f030e226f0;  1 drivers
v000001f030db8d40_0 .net *"_ivl_3", 0 0, L_000001f030e22290;  1 drivers
v000001f030db87a0_0 .net *"_ivl_30", 0 0, L_000001f030dbc1a0;  1 drivers
v000001f030db8840_0 .net *"_ivl_32", 0 0, L_000001f030dbb560;  1 drivers
v000001f030db88e0_0 .net *"_ivl_38", 0 0, L_000001f030e230f0;  1 drivers
v000001f030db8a20_0 .net *"_ivl_39", 0 0, L_000001f030dbbaa0;  1 drivers
v000001f030db8980_0 .net *"_ivl_42", 0 0, L_000001f030e22bf0;  1 drivers
v000001f030e22330_0 .net *"_ivl_43", 0 0, L_000001f030dbba30;  1 drivers
v000001f030e23410_0 .net *"_ivl_45", 0 0, L_000001f030dbbb10;  1 drivers
v000001f030e22e70_0 .net *"_ivl_47", 0 0, L_000001f030dbc2f0;  1 drivers
v000001f030e22c90_0 .net *"_ivl_5", 0 0, L_000001f030e22ab0;  1 drivers
v000001f030e22790_0 .net *"_ivl_6", 0 0, L_000001f030dbc280;  1 drivers
v000001f030e23690_0 .net *"_ivl_8", 0 0, L_000001f030dbb790;  1 drivers
L_000001f030e22290 .part o000001f030dcef58, 1, 1;
L_000001f030e22ab0 .part o000001f030dcef58, 0, 1;
L_000001f030e23910 .part o000001f030dcef58, 1, 1;
L_000001f030e223d0 .part o000001f030dcef58, 0, 1;
L_000001f030e23a50 .part o000001f030dcef58, 1, 1;
L_000001f030e226f0 .part o000001f030dcef58, 0, 1;
L_000001f030e22970 .concat8 [ 1 1 1 1], L_000001f030dbc2f0, L_000001f030dbb560, L_000001f030dbb8e0, L_000001f030dbb790;
L_000001f030e230f0 .part o000001f030dcef58, 1, 1;
L_000001f030e22bf0 .part o000001f030dcef58, 0, 1;
S_000001f030dbe310 .scope module, "Demux_if" "Demux_if" 3 1;
 .timescale 0 0;
    .port_info 0 /INPUT 1 "I";
    .port_info 1 /INPUT 2 "S";
    .port_info 2 /OUTPUT 4 "Y";
o000001f030dcf408 .functor BUFZ 1, C4<z>; HiZ drive
v000001f030e22010_0 .net "I", 0 0, o000001f030dcf408;  0 drivers
o000001f030dcf438 .functor BUFZ 2, C4<zz>; HiZ drive
v000001f030e22830_0 .net "S", 1 0, o000001f030dcf438;  0 drivers
v000001f030e22dd0_0 .var "Y", 3 0;
E_000001f030db6710 .event anyedge, v000001f030e22830_0, v000001f030e22010_0;
S_000001f030dcb850 .scope module, "Demux_tb" "Demux_tb" 4 3;
 .timescale -9 -12;
v000001f030e228d0_0 .var "I", 0 0;
v000001f030e22b50_0 .var "S", 1 0;
v000001f030e239b0_0 .net "Y", 3 0, v000001f030e22f10_0;  1 drivers
S_000001f030dcbaf0 .scope module, "uut" "Demux_case" 4 8, 5 1 0, S_000001f030dcb850;
 .timescale 0 0;
    .port_info 0 /INPUT 1 "I";
    .port_info 1 /INPUT 2 "S";
    .port_info 2 /OUTPUT 4 "Y";
v000001f030e23230_0 .net "I", 0 0, v000001f030e228d0_0;  1 drivers
v000001f030e23af0_0 .net "S", 1 0, v000001f030e22b50_0;  1 drivers
v000001f030e22f10_0 .var "Y", 3 0;
E_000001f030b2e930 .event anyedge, v000001f030e23af0_0, v000001f030e23230_0;
    .scope S_000001f030dbe310;
T_0 ;
    %wait E_000001f030db6710;
    %load/vec4 v000001f030e22830_0;
    %cmpi/e 0, 0, 2;
    %jmp/0xz  T_0.0, 4;
    %pushi/vec4 0, 0, 3;
    %load/vec4 v000001f030e22010_0;
    %concat/vec4; draw_concat_vec4
    %store/vec4 v000001f030e22dd0_0, 0, 4;
    %jmp T_0.1;
T_0.0 ;
    %load/vec4 v000001f030e22830_0;
    %cmpi/e 1, 0, 2;
    %jmp/0xz  T_0.2, 4;
    %pushi/vec4 0, 0, 2;
    %load/vec4 v000001f030e22010_0;
    %concat/vec4; draw_concat_vec4
    %concati/vec4 0, 0, 1;
    %store/vec4 v000001f030e22dd0_0, 0, 4;
    %jmp T_0.3;
T_0.2 ;
    %load/vec4 v000001f030e22830_0;
    %cmpi/e 2, 0, 2;
    %jmp/0xz  T_0.4, 4;
    %pushi/vec4 0, 0, 1;
    %load/vec4 v000001f030e22010_0;
    %concat/vec4; draw_concat_vec4
    %concati/vec4 0, 0, 2;
    %store/vec4 v000001f030e22dd0_0, 0, 4;
    %jmp T_0.5;
T_0.4 ;
    %load/vec4 v000001f030e22830_0;
    %cmpi/e 3, 0, 2;
    %jmp/0xz  T_0.6, 4;
    %pushi/vec4 0, 0, 4;
    %store/vec4 v000001f030e22dd0_0, 0, 4;
    %jmp T_0.7;
T_0.6 ;
    %pushi/vec4 0, 0, 4;
    %store/vec4 v000001f030e22dd0_0, 0, 4;
T_0.7 ;
T_0.5 ;
T_0.3 ;
T_0.1 ;
    %jmp T_0;
    .thread T_0, $push;
    .scope S_000001f030dcbaf0;
T_1 ;
    %wait E_000001f030b2e930;
    %load/vec4 v000001f030e23af0_0;
    %dup/vec4;
    %pushi/vec4 0, 0, 2;
    %cmp/u;
    %jmp/1 T_1.0, 6;
    %dup/vec4;
    %pushi/vec4 1, 0, 2;
    %cmp/u;
    %jmp/1 T_1.1, 6;
    %dup/vec4;
    %pushi/vec4 2, 0, 2;
    %cmp/u;
    %jmp/1 T_1.2, 6;
    %dup/vec4;
    %pushi/vec4 3, 0, 2;
    %cmp/u;
    %jmp/1 T_1.3, 6;
    %pushi/vec4 0, 0, 3;
    %load/vec4 v000001f030e23230_0;
    %concat/vec4; draw_concat_vec4
    %store/vec4 v000001f030e22f10_0, 0, 4;
    %jmp T_1.5;
T_1.0 ;
    %pushi/vec4 0, 0, 3;
    %load/vec4 v000001f030e23230_0;
    %concat/vec4; draw_concat_vec4
    %store/vec4 v000001f030e22f10_0, 0, 4;
    %jmp T_1.5;
T_1.1 ;
    %pushi/vec4 0, 0, 2;
    %load/vec4 v000001f030e23230_0;
    %concat/vec4; draw_concat_vec4
    %concati/vec4 0, 0, 1;
    %store/vec4 v000001f030e22f10_0, 0, 4;
    %jmp T_1.5;
T_1.2 ;
    %pushi/vec4 0, 0, 1;
    %load/vec4 v000001f030e23230_0;
    %concat/vec4; draw_concat_vec4
    %concati/vec4 0, 0, 2;
    %store/vec4 v000001f030e22f10_0, 0, 4;
    %jmp T_1.5;
T_1.3 ;
    %pushi/vec4 0, 0, 4;
    %store/vec4 v000001f030e22f10_0, 0, 4;
    %jmp T_1.5;
T_1.5 ;
    %pop/vec4 1;
    %jmp T_1;
    .thread T_1, $push;
    .scope S_000001f030dcb850;
T_2 ;
    %vpi_call 4 15 "$dumpfile", "Demux_tb.vcd" {0 0 0};
    %vpi_call 4 16 "$dumpvars", 32'sb00000000000000000000000000000000, S_000001f030dcb850 {0 0 0};
    %pushi/vec4 0, 0, 2;
    %store/vec4 v000001f030e22b50_0, 0, 2;
    %pushi/vec4 1, 0, 1;
    %store/vec4 v000001f030e228d0_0, 0, 1;
    %delay 20000, 0;
    %pushi/vec4 1, 0, 2;
    %store/vec4 v000001f030e22b50_0, 0, 2;
    %pushi/vec4 1, 0, 1;
    %store/vec4 v000001f030e228d0_0, 0, 1;
    %delay 20000, 0;
    %pushi/vec4 2, 0, 2;
    %store/vec4 v000001f030e22b50_0, 0, 2;
    %pushi/vec4 1, 0, 1;
    %store/vec4 v000001f030e228d0_0, 0, 1;
    %delay 20000, 0;
    %pushi/vec4 3, 0, 2;
    %store/vec4 v000001f030e22b50_0, 0, 2;
    %pushi/vec4 0, 0, 1;
    %store/vec4 v000001f030e228d0_0, 0, 1;
    %delay 20000, 0;
    %vpi_call 4 33 "$finish" {0 0 0};
    %end;
    .thread T_2;
    .scope S_000001f030dcb850;
T_3 ;
    %vpi_call 4 37 "$monitor", "S=%b, I=%b, Y=%b", v000001f030e22b50_0, v000001f030e228d0_0, v000001f030e239b0_0 {0 0 0};
    %end;
    .thread T_3;
# The file index is used to find the file name in the following table.
:file_names 6;
    "N/A";
    "<interactive>";
    "Demux.v";
    "Demux_if.v";
    "Demux_tb.v";
    "Demux_case.v";
