#! /c/Source/iverilog-install/bin/vvp
:ivl_version "12.0 (devel)" "(s20150603-1539-g2693dd32b)";
:ivl_delay_selection "TYPICAL";
:vpi_time_precision - 12;
:vpi_module "C:\iverilog\lib\ivl\system.vpi";
:vpi_module "C:\iverilog\lib\ivl\vhdl_sys.vpi";
:vpi_module "C:\iverilog\lib\ivl\vhdl_textio.vpi";
:vpi_module "C:\iverilog\lib\ivl\v2005_math.vpi";
:vpi_module "C:\iverilog\lib\ivl\va_math.vpi";
S_00000218ab9ecc60 .scope module, "reg_tb" "reg_tb" 2 3;
 .timescale -9 -12;
v00000218aba02590_0 .var "clk", 0 0;
v00000218aba02630_0 .var "i", 6 0;
v00000218aba026d0_0 .net "o", 6 0, v00000218ab9ec300_0;  1 drivers
v00000218aba02770_0 .var "rst", 0 0;
S_00000218ab9ec030 .scope module, "uut" "register" 2 8, 3 1 0, S_00000218ab9ecc60;
 .timescale -9 -12;
    .port_info 0 /INPUT 1 "clk";
    .port_info 1 /INPUT 1 "rst";
    .port_info 2 /INPUT 7 "i";
    .port_info 3 /OUTPUT 7 "o";
v00000218ab9ec1c0_0 .net "clk", 0 0, v00000218aba02590_0;  1 drivers
v00000218ab9ec260_0 .net "i", 6 0, v00000218aba02630_0;  1 drivers
v00000218ab9ec300_0 .var "o", 6 0;
v00000218aba024f0_0 .net "rst", 0 0, v00000218aba02770_0;  1 drivers
E_00000218aba35210 .event posedge, v00000218aba024f0_0, v00000218ab9ec1c0_0;
    .scope S_00000218ab9ec030;
T_0 ;
    %wait E_00000218aba35210;
    %load/vec4 v00000218aba024f0_0;
    %flag_set/vec4 8;
    %jmp/0xz  T_0.0, 8;
    %pushi/vec4 0, 0, 7;
    %assign/vec4 v00000218ab9ec300_0, 0;
    %jmp T_0.1;
T_0.0 ;
    %load/vec4 v00000218ab9ec260_0;
    %assign/vec4 v00000218ab9ec300_0, 0;
T_0.1 ;
    %jmp T_0;
    .thread T_0;
    .scope S_00000218ab9ecc60;
T_1 ;
    %load/vec4 v00000218aba02590_0;
    %inv;
    %store/vec4 v00000218aba02590_0, 0, 1;
    %delay 5000, 0;
    %jmp T_1;
    .thread T_1;
    .scope S_00000218ab9ecc60;
T_2 ;
    %vpi_call 2 21 "$dumpfile", "reg_tb.vcd" {0 0 0};
    %vpi_call 2 22 "$dumpvars", 32'sb00000000000000000000000000000000, S_00000218ab9ecc60 {0 0 0};
    %pushi/vec4 0, 0, 1;
    %assign/vec4 v00000218aba02590_0, 0;
    %pushi/vec4 1, 0, 1;
    %assign/vec4 v00000218aba02770_0, 0;
    %pushi/vec4 0, 0, 7;
    %assign/vec4 v00000218aba02630_0, 0;
    %delay 10000, 0;
    %pushi/vec4 0, 0, 1;
    %assign/vec4 v00000218aba02770_0, 0;
    %delay 10000, 0;
    %pushi/vec4 7, 0, 7;
    %assign/vec4 v00000218aba02630_0, 0;
    %delay 10000, 0;
    %vpi_call 2 29 "$finish" {0 0 0};
    %end;
    .thread T_2;
    .scope S_00000218ab9ecc60;
T_3 ;
    %vpi_call 2 33 "$monitor", "clk=%b, rst=%b, i=%7b, o=%7b", v00000218aba02590_0, v00000218aba02770_0, v00000218aba02630_0, v00000218aba026d0_0 {0 0 0};
    %end;
    .thread T_3;
# The file index is used to find the file name in the following table.
:file_names 4;
    "N/A";
    "<interactive>";
    "reg_tb.v";
    "register.v";
