#! /c/Source/iverilog-install/bin/vvp
:ivl_version "12.0 (devel)" "(s20150603-1539-g2693dd32b)";
:ivl_delay_selection "TYPICAL";
:vpi_time_precision - 12;
:vpi_module "C:\iverilog\lib\ivl\system.vpi";
:vpi_module "C:\iverilog\lib\ivl\vhdl_sys.vpi";
:vpi_module "C:\iverilog\lib\ivl\vhdl_textio.vpi";
:vpi_module "C:\iverilog\lib\ivl\v2005_math.vpi";
:vpi_module "C:\iverilog\lib\ivl\va_math.vpi";
S_000001d707d7f0c0 .scope module, "mux" "mux" 2 1;
 .timescale 0 0;
    .port_info 0 /INPUT 4 "I";
    .port_info 1 /INPUT 2 "S";
    .port_info 2 /OUTPUT 1 "Y";
L_000001d707de6760 .functor NOT 1, L_000001d707de3c60, C4<0>, C4<0>, C4<0>;
L_000001d707de6140 .functor NOT 1, L_000001d707de3bc0, C4<0>, C4<0>, C4<0>;
L_000001d707de5ce0 .functor AND 1, L_000001d707de6760, L_000001d707de6140, C4<1>, C4<1>;
L_000001d707de6220 .functor AND 1, L_000001d707de5ce0, L_000001d707de4840, C4<1>, C4<1>;
L_000001d707de5f10 .functor NOT 1, L_000001d707de48e0, C4<0>, C4<0>, C4<0>;
L_000001d707de6370 .functor AND 1, L_000001d707de5f10, L_000001d707de4980, C4<1>, C4<1>;
L_000001d707de5a40 .functor AND 1, L_000001d707de6370, L_000001d707de4ac0, C4<1>, C4<1>;
L_000001d707de6840 .functor OR 1, L_000001d707de6220, L_000001d707de5a40, C4<0>, C4<0>;
L_000001d707de65a0 .functor NOT 1, L_000001d707de4b60, C4<0>, C4<0>, C4<0>;
L_000001d707de6680 .functor AND 1, L_000001d707de3f80, L_000001d707de65a0, C4<1>, C4<1>;
L_000001d707de61b0 .functor AND 1, L_000001d707de6680, L_000001d707de4160, C4<1>, C4<1>;
L_000001d707de5ab0 .functor OR 1, L_000001d707de6840, L_000001d707de61b0, C4<0>, C4<0>;
L_000001d707de6610 .functor AND 1, L_000001d707de5100, L_000001d707de54c0, C4<1>, C4<1>;
L_000001d707de5e30 .functor AND 1, L_000001d707de6610, L_000001d707de39e0, C4<1>, C4<1>;
L_000001d707de67d0 .functor OR 1, L_000001d707de5ab0, L_000001d707de5e30, C4<0>, C4<0>;
o000001d707d8ffb8 .functor BUFZ 4, C4<zzzz>; HiZ drive
v000001d707d77490_0 .net "I", 3 0, o000001d707d8ffb8;  0 drivers
o000001d707d8ffe8 .functor BUFZ 2, C4<zz>; HiZ drive
v000001d707d77a30_0 .net "S", 1 0, o000001d707d8ffe8;  0 drivers
v000001d707d77ad0_0 .net "Y", 0 0, L_000001d707de67d0;  1 drivers
v000001d707d77530_0 .net *"_ivl_1", 0 0, L_000001d707de3c60;  1 drivers
v000001d707d77b70_0 .net *"_ivl_11", 0 0, L_000001d707de4840;  1 drivers
v000001d707d77c10_0 .net *"_ivl_12", 0 0, L_000001d707de6220;  1 drivers
v000001d707d775d0_0 .net *"_ivl_15", 0 0, L_000001d707de48e0;  1 drivers
v000001d707d77d50_0 .net *"_ivl_16", 0 0, L_000001d707de5f10;  1 drivers
v000001d707d77df0_0 .net *"_ivl_19", 0 0, L_000001d707de4980;  1 drivers
v000001d707d77f30_0 .net *"_ivl_2", 0 0, L_000001d707de6760;  1 drivers
v000001d707d77fd0_0 .net *"_ivl_20", 0 0, L_000001d707de6370;  1 drivers
v000001d707d78070_0 .net *"_ivl_23", 0 0, L_000001d707de4ac0;  1 drivers
v000001d707de4f20_0 .net *"_ivl_24", 0 0, L_000001d707de5a40;  1 drivers
v000001d707de3ee0_0 .net *"_ivl_26", 0 0, L_000001d707de6840;  1 drivers
v000001d707de52e0_0 .net *"_ivl_29", 0 0, L_000001d707de3f80;  1 drivers
v000001d707de3d00_0 .net *"_ivl_31", 0 0, L_000001d707de4b60;  1 drivers
v000001d707de4a20_0 .net *"_ivl_32", 0 0, L_000001d707de65a0;  1 drivers
v000001d707de5740_0 .net *"_ivl_34", 0 0, L_000001d707de6680;  1 drivers
v000001d707de5420_0 .net *"_ivl_37", 0 0, L_000001d707de4160;  1 drivers
v000001d707de45c0_0 .net *"_ivl_38", 0 0, L_000001d707de61b0;  1 drivers
v000001d707de38a0_0 .net *"_ivl_40", 0 0, L_000001d707de5ab0;  1 drivers
v000001d707de5060_0 .net *"_ivl_43", 0 0, L_000001d707de5100;  1 drivers
v000001d707de3940_0 .net *"_ivl_45", 0 0, L_000001d707de54c0;  1 drivers
v000001d707de4660_0 .net *"_ivl_46", 0 0, L_000001d707de6610;  1 drivers
v000001d707de5240_0 .net *"_ivl_49", 0 0, L_000001d707de39e0;  1 drivers
v000001d707de3da0_0 .net *"_ivl_5", 0 0, L_000001d707de3bc0;  1 drivers
v000001d707de3e40_0 .net *"_ivl_50", 0 0, L_000001d707de5e30;  1 drivers
v000001d707de5600_0 .net *"_ivl_6", 0 0, L_000001d707de6140;  1 drivers
v000001d707de4700_0 .net *"_ivl_8", 0 0, L_000001d707de5ce0;  1 drivers
L_000001d707de3c60 .part o000001d707d8ffe8, 1, 1;
L_000001d707de3bc0 .part o000001d707d8ffe8, 0, 1;
L_000001d707de4840 .part o000001d707d8ffb8, 0, 1;
L_000001d707de48e0 .part o000001d707d8ffe8, 1, 1;
L_000001d707de4980 .part o000001d707d8ffe8, 0, 1;
L_000001d707de4ac0 .part o000001d707d8ffb8, 1, 1;
L_000001d707de3f80 .part o000001d707d8ffe8, 1, 1;
L_000001d707de4b60 .part o000001d707d8ffe8, 0, 1;
L_000001d707de4160 .part o000001d707d8ffb8, 2, 1;
L_000001d707de5100 .part o000001d707d8ffe8, 1, 1;
L_000001d707de54c0 .part o000001d707d8ffe8, 0, 1;
L_000001d707de39e0 .part o000001d707d8ffb8, 3, 1;
S_000001d707d8a490 .scope module, "mux_if" "mux_if" 3 1;
 .timescale 0 0;
    .port_info 0 /INPUT 4 "I";
    .port_info 1 /INPUT 2 "S";
    .port_info 2 /OUTPUT 1 "Y";
o000001d707d905b8 .functor BUFZ 4, C4<zzzz>; HiZ drive
v000001d707de40c0_0 .net "I", 3 0, o000001d707d905b8;  0 drivers
o000001d707d905e8 .functor BUFZ 2, C4<zz>; HiZ drive
v000001d707de4200_0 .net "S", 1 0, o000001d707d905e8;  0 drivers
v000001d707de47a0_0 .var "Y", 0 0;
E_000001d707d7e660 .event anyedge, v000001d707de4200_0, v000001d707de40c0_0;
S_000001d707d8a620 .scope module, "mux_tb" "mux_tb" 4 3;
 .timescale -9 -12;
v000001d707de4fc0_0 .var "I", 3 0;
v000001d707de43e0_0 .var "S", 1 0;
v000001d707de51a0_0 .net "Y", 0 0, v000001d707de5380_0;  1 drivers
S_000001d707de5860 .scope module, "uut" "mux_case" 4 8, 5 1 0, S_000001d707d8a620;
 .timescale 0 0;
    .port_info 0 /INPUT 4 "I";
    .port_info 1 /INPUT 2 "S";
    .port_info 2 /OUTPUT 1 "Y";
v000001d707de4020_0 .net "I", 3 0, v000001d707de4fc0_0;  1 drivers
v000001d707de3a80_0 .net "S", 1 0, v000001d707de43e0_0;  1 drivers
v000001d707de5380_0 .var "Y", 0 0;
E_000001d707d7e160 .event anyedge, v000001d707de3a80_0, v000001d707de4020_0;
    .scope S_000001d707d8a490;
T_0 ;
    %wait E_000001d707d7e660;
    %load/vec4 v000001d707de4200_0;
    %cmpi/e 0, 0, 2;
    %jmp/0xz  T_0.0, 4;
    %load/vec4 v000001d707de40c0_0;
    %parti/s 1, 0, 2;
    %store/vec4 v000001d707de47a0_0, 0, 1;
    %jmp T_0.1;
T_0.0 ;
    %load/vec4 v000001d707de4200_0;
    %cmpi/e 1, 0, 2;
    %jmp/0xz  T_0.2, 4;
    %load/vec4 v000001d707de40c0_0;
    %parti/s 1, 1, 2;
    %store/vec4 v000001d707de47a0_0, 0, 1;
    %jmp T_0.3;
T_0.2 ;
    %load/vec4 v000001d707de4200_0;
    %cmpi/e 2, 0, 2;
    %jmp/0xz  T_0.4, 4;
    %load/vec4 v000001d707de40c0_0;
    %parti/s 1, 2, 3;
    %store/vec4 v000001d707de47a0_0, 0, 1;
    %jmp T_0.5;
T_0.4 ;
    %load/vec4 v000001d707de4200_0;
    %cmpi/e 3, 0, 2;
    %jmp/0xz  T_0.6, 4;
    %load/vec4 v000001d707de40c0_0;
    %parti/s 1, 3, 3;
    %store/vec4 v000001d707de47a0_0, 0, 1;
    %jmp T_0.7;
T_0.6 ;
    %load/vec4 v000001d707de40c0_0;
    %parti/s 1, 0, 2;
    %store/vec4 v000001d707de47a0_0, 0, 1;
T_0.7 ;
T_0.5 ;
T_0.3 ;
T_0.1 ;
    %jmp T_0;
    .thread T_0, $push;
    .scope S_000001d707de5860;
T_1 ;
    %wait E_000001d707d7e160;
    %load/vec4 v000001d707de3a80_0;
    %dup/vec4;
    %pushi/vec4 0, 0, 2;
    %cmp/u;
    %jmp/1 T_1.0, 6;
    %dup/vec4;
    %pushi/vec4 1, 0, 2;
    %cmp/u;
    %jmp/1 T_1.1, 6;
    %dup/vec4;
    %pushi/vec4 2, 0, 2;
    %cmp/u;
    %jmp/1 T_1.2, 6;
    %dup/vec4;
    %pushi/vec4 3, 0, 2;
    %cmp/u;
    %jmp/1 T_1.3, 6;
    %load/vec4 v000001d707de4020_0;
    %parti/s 1, 0, 2;
    %store/vec4 v000001d707de5380_0, 0, 1;
    %jmp T_1.5;
T_1.0 ;
    %load/vec4 v000001d707de4020_0;
    %parti/s 1, 0, 2;
    %store/vec4 v000001d707de5380_0, 0, 1;
    %jmp T_1.5;
T_1.1 ;
    %load/vec4 v000001d707de4020_0;
    %parti/s 1, 1, 2;
    %store/vec4 v000001d707de5380_0, 0, 1;
    %jmp T_1.5;
T_1.2 ;
    %load/vec4 v000001d707de4020_0;
    %parti/s 1, 2, 3;
    %store/vec4 v000001d707de5380_0, 0, 1;
    %jmp T_1.5;
T_1.3 ;
    %load/vec4 v000001d707de4020_0;
    %parti/s 1, 3, 3;
    %store/vec4 v000001d707de5380_0, 0, 1;
    %jmp T_1.5;
T_1.5 ;
    %pop/vec4 1;
    %jmp T_1;
    .thread T_1, $push;
    .scope S_000001d707d8a620;
T_2 ;
    %vpi_call 4 16 "$dumpfile", "mux_tb.vcd" {0 0 0};
    %vpi_call 4 17 "$dumpvars", 32'sb00000000000000000000000000000000, S_000001d707d8a620 {0 0 0};
    %pushi/vec4 0, 0, 4;
    %store/vec4 v000001d707de4fc0_0, 0, 4;
    %pushi/vec4 0, 0, 2;
    %store/vec4 v000001d707de43e0_0, 0, 2;
    %delay 20000, 0;
    %pushi/vec4 1, 0, 4;
    %store/vec4 v000001d707de4fc0_0, 0, 4;
    %pushi/vec4 0, 0, 2;
    %store/vec4 v000001d707de43e0_0, 0, 2;
    %delay 20000, 0;
    %pushi/vec4 2, 0, 4;
    %store/vec4 v000001d707de4fc0_0, 0, 4;
    %pushi/vec4 1, 0, 2;
    %store/vec4 v000001d707de43e0_0, 0, 2;
    %delay 20000, 0;
    %pushi/vec4 4, 0, 4;
    %store/vec4 v000001d707de4fc0_0, 0, 4;
    %pushi/vec4 2, 0, 2;
    %store/vec4 v000001d707de43e0_0, 0, 2;
    %delay 20000, 0;
    %pushi/vec4 8, 0, 4;
    %store/vec4 v000001d707de4fc0_0, 0, 4;
    %pushi/vec4 3, 0, 2;
    %store/vec4 v000001d707de43e0_0, 0, 2;
    %delay 20000, 0;
    %vpi_call 4 38 "$finish" {0 0 0};
    %end;
    .thread T_2;
    .scope S_000001d707d8a620;
T_3 ;
    %vpi_call 4 42 "$monitor", "I=%b, S=%b, Y=%b", v000001d707de4fc0_0, v000001d707de43e0_0, v000001d707de51a0_0 {0 0 0};
    %end;
    .thread T_3;
# The file index is used to find the file name in the following table.
:file_names 6;
    "N/A";
    "<interactive>";
    "mux.v";
    "mux_if.v";
    "mux_tb.v";
    "mux_case.v";
