#! /c/Source/iverilog-install/bin/vvp
:ivl_version "12.0 (devel)" "(s20150603-1539-g2693dd32b)";
:ivl_delay_selection "TYPICAL";
:vpi_time_precision - 12;
:vpi_module "C:\iverilog\lib\ivl\system.vpi";
:vpi_module "C:\iverilog\lib\ivl\vhdl_sys.vpi";
:vpi_module "C:\iverilog\lib\ivl\vhdl_textio.vpi";
:vpi_module "C:\iverilog\lib\ivl\v2005_math.vpi";
:vpi_module "C:\iverilog\lib\ivl\va_math.vpi";
S_00000228b2c8e1b0 .scope module, "BEQ_tb" "BEQ_tb" 2 3;
 .timescale -9 -12;
v00000228b2c8c970_0 .var "A", 0 0;
v00000228b2c8ca10_0 .var "B", 0 0;
v00000228b2c8cab0_0 .var "C", 0 0;
v00000228b2c8cb50_0 .var "D", 0 0;
v00000228b2c8cbf0_0 .net "Z", 0 0, L_00000228b2e2d1e0;  1 drivers
S_00000228b2c8e340 .scope module, "uut" "BEQ" 2 11, 3 1 0, S_00000228b2c8e1b0;
 .timescale 0 0;
    .port_info 0 /INPUT 1 "A";
    .port_info 1 /INPUT 1 "B";
    .port_info 2 /INPUT 1 "C";
    .port_info 3 /INPUT 1 "D";
    .port_info 4 /OUTPUT 1 "Z";
L_00000228b2e2ce60 .functor AND 1, v00000228b2c8c970_0, v00000228b2c8cab0_0, C4<1>, C4<1>;
L_00000228b2e2cca0 .functor AND 1, v00000228b2c8ca10_0, v00000228b2c8cb50_0, C4<1>, C4<1>;
L_00000228b2e2d1e0 .functor OR 1, L_00000228b2e2ce60, L_00000228b2e2cca0, C4<0>, C4<0>;
v00000228b2df2b50_0 .net "A", 0 0, v00000228b2c8c970_0;  1 drivers
v00000228b2c8c270_0 .net "B", 0 0, v00000228b2c8ca10_0;  1 drivers
v00000228b2c8e4d0_0 .net "C", 0 0, v00000228b2c8cab0_0;  1 drivers
v00000228b2c8e570_0 .net "D", 0 0, v00000228b2c8cb50_0;  1 drivers
v00000228b2c8c790_0 .net "Z", 0 0, L_00000228b2e2d1e0;  alias, 1 drivers
v00000228b2c8c830_0 .net "p", 0 0, L_00000228b2e2ce60;  1 drivers
v00000228b2c8c8d0_0 .net "q", 0 0, L_00000228b2e2cca0;  1 drivers
    .scope S_00000228b2c8e1b0;
T_0 ;
    %vpi_call 2 21 "$dumpfile", "BEQ_tb.vcd" {0 0 0};
    %vpi_call 2 22 "$dumpvars", 32'sb00000000000000000000000000000000, S_00000228b2c8e1b0 {0 0 0};
    %pushi/vec4 0, 0, 1;
    %store/vec4 v00000228b2c8c970_0, 0, 1;
    %pushi/vec4 0, 0, 1;
    %store/vec4 v00000228b2c8ca10_0, 0, 1;
    %pushi/vec4 0, 0, 1;
    %store/vec4 v00000228b2c8cab0_0, 0, 1;
    %pushi/vec4 0, 0, 1;
    %store/vec4 v00000228b2c8cb50_0, 0, 1;
    %delay 20000, 0;
    %pushi/vec4 0, 0, 1;
    %store/vec4 v00000228b2c8c970_0, 0, 1;
    %pushi/vec4 0, 0, 1;
    %store/vec4 v00000228b2c8cab0_0, 0, 1;
    %pushi/vec4 0, 0, 1;
    %store/vec4 v00000228b2c8ca10_0, 0, 1;
    %pushi/vec4 1, 0, 1;
    %store/vec4 v00000228b2c8cb50_0, 0, 1;
    %delay 20000, 0;
    %pushi/vec4 0, 0, 1;
    %store/vec4 v00000228b2c8c970_0, 0, 1;
    %pushi/vec4 0, 0, 1;
    %store/vec4 v00000228b2c8cab0_0, 0, 1;
    %pushi/vec4 1, 0, 1;
    %store/vec4 v00000228b2c8ca10_0, 0, 1;
    %pushi/vec4 0, 0, 1;
    %store/vec4 v00000228b2c8cb50_0, 0, 1;
    %delay 20000, 0;
    %pushi/vec4 0, 0, 1;
    %store/vec4 v00000228b2c8c970_0, 0, 1;
    %pushi/vec4 0, 0, 1;
    %store/vec4 v00000228b2c8cab0_0, 0, 1;
    %pushi/vec4 1, 0, 1;
    %store/vec4 v00000228b2c8ca10_0, 0, 1;
    %pushi/vec4 1, 0, 1;
    %store/vec4 v00000228b2c8cb50_0, 0, 1;
    %delay 20000, 0;
    %pushi/vec4 0, 0, 1;
    %store/vec4 v00000228b2c8c970_0, 0, 1;
    %pushi/vec4 1, 0, 1;
    %store/vec4 v00000228b2c8cab0_0, 0, 1;
    %pushi/vec4 0, 0, 1;
    %store/vec4 v00000228b2c8ca10_0, 0, 1;
    %pushi/vec4 0, 0, 1;
    %store/vec4 v00000228b2c8cb50_0, 0, 1;
    %delay 20000, 0;
    %pushi/vec4 0, 0, 1;
    %store/vec4 v00000228b2c8c970_0, 0, 1;
    %pushi/vec4 1, 0, 1;
    %store/vec4 v00000228b2c8cab0_0, 0, 1;
    %pushi/vec4 0, 0, 1;
    %store/vec4 v00000228b2c8ca10_0, 0, 1;
    %pushi/vec4 1, 0, 1;
    %store/vec4 v00000228b2c8cb50_0, 0, 1;
    %delay 20000, 0;
    %pushi/vec4 0, 0, 1;
    %store/vec4 v00000228b2c8c970_0, 0, 1;
    %pushi/vec4 1, 0, 1;
    %store/vec4 v00000228b2c8cab0_0, 0, 1;
    %pushi/vec4 1, 0, 1;
    %store/vec4 v00000228b2c8ca10_0, 0, 1;
    %pushi/vec4 0, 0, 1;
    %store/vec4 v00000228b2c8cb50_0, 0, 1;
    %delay 20000, 0;
    %pushi/vec4 0, 0, 1;
    %store/vec4 v00000228b2c8c970_0, 0, 1;
    %pushi/vec4 1, 0, 1;
    %store/vec4 v00000228b2c8cab0_0, 0, 1;
    %pushi/vec4 1, 0, 1;
    %store/vec4 v00000228b2c8ca10_0, 0, 1;
    %pushi/vec4 1, 0, 1;
    %store/vec4 v00000228b2c8cb50_0, 0, 1;
    %delay 20000, 0;
    %pushi/vec4 1, 0, 1;
    %store/vec4 v00000228b2c8c970_0, 0, 1;
    %pushi/vec4 0, 0, 1;
    %store/vec4 v00000228b2c8cab0_0, 0, 1;
    %pushi/vec4 0, 0, 1;
    %store/vec4 v00000228b2c8ca10_0, 0, 1;
    %pushi/vec4 0, 0, 1;
    %store/vec4 v00000228b2c8cb50_0, 0, 1;
    %delay 20000, 0;
    %pushi/vec4 1, 0, 1;
    %store/vec4 v00000228b2c8c970_0, 0, 1;
    %pushi/vec4 0, 0, 1;
    %store/vec4 v00000228b2c8cab0_0, 0, 1;
    %pushi/vec4 0, 0, 1;
    %store/vec4 v00000228b2c8ca10_0, 0, 1;
    %pushi/vec4 1, 0, 1;
    %store/vec4 v00000228b2c8cb50_0, 0, 1;
    %delay 20000, 0;
    %pushi/vec4 1, 0, 1;
    %store/vec4 v00000228b2c8c970_0, 0, 1;
    %pushi/vec4 0, 0, 1;
    %store/vec4 v00000228b2c8cab0_0, 0, 1;
    %pushi/vec4 1, 0, 1;
    %store/vec4 v00000228b2c8ca10_0, 0, 1;
    %pushi/vec4 0, 0, 1;
    %store/vec4 v00000228b2c8cb50_0, 0, 1;
    %delay 20000, 0;
    %pushi/vec4 1, 0, 1;
    %store/vec4 v00000228b2c8c970_0, 0, 1;
    %pushi/vec4 0, 0, 1;
    %store/vec4 v00000228b2c8cab0_0, 0, 1;
    %pushi/vec4 1, 0, 1;
    %store/vec4 v00000228b2c8ca10_0, 0, 1;
    %pushi/vec4 1, 0, 1;
    %store/vec4 v00000228b2c8cb50_0, 0, 1;
    %delay 20000, 0;
    %pushi/vec4 1, 0, 1;
    %store/vec4 v00000228b2c8c970_0, 0, 1;
    %pushi/vec4 1, 0, 1;
    %store/vec4 v00000228b2c8cab0_0, 0, 1;
    %pushi/vec4 0, 0, 1;
    %store/vec4 v00000228b2c8ca10_0, 0, 1;
    %pushi/vec4 0, 0, 1;
    %store/vec4 v00000228b2c8cb50_0, 0, 1;
    %delay 20000, 0;
    %pushi/vec4 1, 0, 1;
    %store/vec4 v00000228b2c8c970_0, 0, 1;
    %pushi/vec4 1, 0, 1;
    %store/vec4 v00000228b2c8cab0_0, 0, 1;
    %pushi/vec4 0, 0, 1;
    %store/vec4 v00000228b2c8ca10_0, 0, 1;
    %pushi/vec4 1, 0, 1;
    %store/vec4 v00000228b2c8cb50_0, 0, 1;
    %delay 20000, 0;
    %pushi/vec4 1, 0, 1;
    %store/vec4 v00000228b2c8c970_0, 0, 1;
    %pushi/vec4 1, 0, 1;
    %store/vec4 v00000228b2c8cab0_0, 0, 1;
    %pushi/vec4 1, 0, 1;
    %store/vec4 v00000228b2c8ca10_0, 0, 1;
    %pushi/vec4 0, 0, 1;
    %store/vec4 v00000228b2c8cb50_0, 0, 1;
    %delay 20000, 0;
    %pushi/vec4 1, 0, 1;
    %store/vec4 v00000228b2c8c970_0, 0, 1;
    %pushi/vec4 1, 0, 1;
    %store/vec4 v00000228b2c8cab0_0, 0, 1;
    %pushi/vec4 1, 0, 1;
    %store/vec4 v00000228b2c8ca10_0, 0, 1;
    %pushi/vec4 1, 0, 1;
    %store/vec4 v00000228b2c8cb50_0, 0, 1;
    %delay 20000, 0;
    %vpi_call 2 42 "$finish" {0 0 0};
    %end;
    .thread T_0;
    .scope S_00000228b2c8e1b0;
T_1 ;
    %vpi_call 2 46 "$monitor", "A=%b, C=%b, B=%b, D=%b, Z=%b", v00000228b2c8c970_0, v00000228b2c8cab0_0, v00000228b2c8ca10_0, v00000228b2c8cb50_0, v00000228b2c8cbf0_0 {0 0 0};
    %end;
    .thread T_1;
# The file index is used to find the file name in the following table.
:file_names 4;
    "N/A";
    "<interactive>";
    "BEQ_tb.v";
    "BEQ.v";
