#! /c/Source/iverilog-install/bin/vvp
:ivl_version "12.0 (devel)" "(s20150603-1539-g2693dd32b)";
:ivl_delay_selection "TYPICAL";
:vpi_time_precision - 12;
:vpi_module "C:\iverilog\lib\ivl\system.vpi";
:vpi_module "C:\iverilog\lib\ivl\vhdl_sys.vpi";
:vpi_module "C:\iverilog\lib\ivl\vhdl_textio.vpi";
:vpi_module "C:\iverilog\lib\ivl\v2005_math.vpi";
:vpi_module "C:\iverilog\lib\ivl\va_math.vpi";
S_00000189476bcc40 .scope module, "_4bitDown_tb" "_4bitDown_tb" 2 2;
 .timescale -9 -12;
v00000189476be080_0 .var "clk", 0 0;
v00000189476be120_0 .net "o", 3 0, L_0000018947704120;  1 drivers
v000001894774f390_0 .var "set", 0 0;
S_00000189476f4d70 .scope module, "uut" "_4bitDown" 2 6, 3 1 0, S_00000189476bcc40;
 .timescale 0 0;
    .port_info 0 /INPUT 1 "clk";
    .port_info 1 /INPUT 1 "set";
    .port_info 2 /OUTPUT 4 "o";
L_0000018947704120 .functor BUFZ 4, v00000189476f61a0_0, C4<0000>, C4<0000>, C4<0000>;
v00000189477075f0_0 .net "clk", 0 0, v00000189476be080_0;  1 drivers
v0000018947707690_0 .net "i_temp", 3 0, L_000001894774f570;  1 drivers
v0000018947707730_0 .net "o", 3 0, L_0000018947704120;  alias, 1 drivers
v00000189476bdf40_0 .net "o_temp", 3 0, v00000189476f61a0_0;  1 drivers
v00000189476bdfe0_0 .net "set", 0 0, v000001894774f390_0;  1 drivers
S_00000189476bb9f0 .scope module, "uut_dff" "dff" 3 6, 4 1 0, S_00000189476f4d70;
 .timescale -9 -12;
    .port_info 0 /INPUT 1 "clk";
    .port_info 1 /INPUT 1 "set";
    .port_info 2 /INPUT 4 "i";
    .port_info 3 /OUTPUT 4 "o";
v00000189476d2b50_0 .net "clk", 0 0, v00000189476be080_0;  alias, 1 drivers
v00000189476bbb80_0 .net "i", 3 0, L_000001894774f570;  alias, 1 drivers
v00000189476f61a0_0 .var "o", 3 0;
v00000189476f6240_0 .net "set", 0 0, v000001894774f390_0;  alias, 1 drivers
E_000001894770a780 .event posedge, v00000189476f6240_0, v00000189476d2b50_0;
S_00000189477073c0 .scope module, "uut_subOne" "subOne" 3 11, 5 1 0, S_00000189476f4d70;
 .timescale -9 -12;
    .port_info 0 /INPUT 4 "i";
    .port_info 1 /OUTPUT 4 "o";
L_0000018947750038 .functor BUFT 1, C4<0001>, C4<0>, C4<0>, C4<0>;
v00000189476f62e0_0 .net/2u *"_ivl_0", 3 0, L_0000018947750038;  1 drivers
v00000189476f6380_0 .net "i", 3 0, v00000189476f61a0_0;  alias, 1 drivers
v0000018947707550_0 .net "o", 3 0, L_000001894774f570;  alias, 1 drivers
L_000001894774f570 .arith/sub 4, v00000189476f61a0_0, L_0000018947750038;
    .scope S_00000189476bb9f0;
T_0 ;
    %wait E_000001894770a780;
    %load/vec4 v00000189476f6240_0;
    %flag_set/vec4 8;
    %jmp/0xz  T_0.0, 8;
    %pushi/vec4 15, 0, 4;
    %assign/vec4 v00000189476f61a0_0, 0;
    %jmp T_0.1;
T_0.0 ;
    %load/vec4 v00000189476bbb80_0;
    %assign/vec4 v00000189476f61a0_0, 0;
T_0.1 ;
    %jmp T_0;
    .thread T_0;
    .scope S_00000189476bcc40;
T_1 ;
    %load/vec4 v00000189476be080_0;
    %inv;
    %store/vec4 v00000189476be080_0, 0, 1;
    %delay 5000, 0;
    %jmp T_1;
    .thread T_1;
    .scope S_00000189476bcc40;
T_2 ;
    %vpi_call 2 17 "$dumpfile", "_4bitDown_tb.vcd" {0 0 0};
    %vpi_call 2 18 "$dumpvars", 32'sb00000000000000000000000000000000, S_00000189476bcc40 {0 0 0};
    %pushi/vec4 0, 0, 1;
    %assign/vec4 v00000189476be080_0, 0;
    %pushi/vec4 1, 0, 1;
    %assign/vec4 v000001894774f390_0, 0;
    %delay 10000, 0;
    %pushi/vec4 0, 0, 1;
    %assign/vec4 v000001894774f390_0, 0;
    %delay 150000, 0;
    %vpi_call 2 26 "$finish" {0 0 0};
    %end;
    .thread T_2;
    .scope S_00000189476bcc40;
T_3 ;
    %vpi_call 2 30 "$monitor", $time, " clk=%b, set=%b, o=%b", v00000189476be080_0, v000001894774f390_0, v00000189476be120_0 {0 0 0};
    %end;
    .thread T_3;
# The file index is used to find the file name in the following table.
:file_names 6;
    "N/A";
    "<interactive>";
    "_4bitDown_tb.v";
    "_4bitDown.v";
    "dff.v";
    "subOne.v";
