#! /c/Source/iverilog-install/bin/vvp
:ivl_version "12.0 (devel)" "(s20150603-1539-g2693dd32b)";
:ivl_delay_selection "TYPICAL";
:vpi_time_precision - 12;
:vpi_module "C:\iverilog\lib\ivl\system.vpi";
:vpi_module "C:\iverilog\lib\ivl\vhdl_sys.vpi";
:vpi_module "C:\iverilog\lib\ivl\vhdl_textio.vpi";
:vpi_module "C:\iverilog\lib\ivl\v2005_math.vpi";
:vpi_module "C:\iverilog\lib\ivl\va_math.vpi";
S_000001b79aa82630 .scope module, "dec_if" "dec_if" 2 1;
 .timescale 0 0;
    .port_info 0 /INPUT 3 "X";
    .port_info 1 /OUTPUT 8 "D";
v000001b79aa7beb0_0 .var "D", 7 0;
o000001b79aa96fd8 .functor BUFZ 3, C4<zzz>; HiZ drive
v000001b79aa7bc30_0 .net "X", 2 0, o000001b79aa96fd8;  0 drivers
E_000001b79aa7ebe0 .event anyedge, v000001b79aa7bc30_0;
S_000001b79aa90c50 .scope module, "dec_if_tb" "dec_if_tb" 3 3;
 .timescale -9 -12;
v000001b79aa7baf0_0 .net "D", 7 0, v000001b79aa7b4b0_0;  1 drivers
v000001b79aa7bb90_0 .var "X", 2 0;
S_000001b79aa895a0 .scope module, "uut" "dec_case" 3 7, 4 1 0, S_000001b79aa90c50;
 .timescale 0 0;
    .port_info 0 /INPUT 3 "X";
    .port_info 1 /OUTPUT 8 "D";
v000001b79aa7b4b0_0 .var "D", 7 0;
v000001b79aa7b9b0_0 .net "X", 2 0, v000001b79aa7bb90_0;  1 drivers
E_000001b79aa7ed20 .event anyedge, v000001b79aa7b9b0_0;
S_000001b79aa90de0 .scope module, "dec_tb" "dec_tb" 5 3;
 .timescale -9 -12;
v000001b79aae97e0_0 .net "D", 7 0, L_000001b79aae9ce0;  1 drivers
v000001b79aae8b60_0 .var "x", 0 0;
v000001b79aae88e0_0 .var "y", 0 0;
v000001b79aae9ba0_0 .var "z", 0 0;
S_000001b79aa89730 .scope module, "uut" "dec" 5 7, 6 1 0, S_000001b79aa90de0;
 .timescale 0 0;
    .port_info 0 /INPUT 1 "x";
    .port_info 1 /INPUT 1 "y";
    .port_info 2 /INPUT 1 "z";
    .port_info 3 /OUTPUT 8 "D";
L_000001b79aa758a0 .functor NOT 1, v000001b79aae8b60_0, C4<0>, C4<0>, C4<0>;
L_000001b79aa74a30 .functor NOT 1, v000001b79aae88e0_0, C4<0>, C4<0>, C4<0>;
L_000001b79aa74cd0 .functor AND 1, L_000001b79aa758a0, L_000001b79aa74a30, C4<1>, C4<1>;
L_000001b79aa74d40 .functor NOT 1, v000001b79aae9ba0_0, C4<0>, C4<0>, C4<0>;
L_000001b79aa74db0 .functor AND 1, L_000001b79aa74cd0, L_000001b79aa74d40, C4<1>, C4<1>;
L_000001b79aa74e90 .functor NOT 1, v000001b79aae8b60_0, C4<0>, C4<0>, C4<0>;
L_000001b79aa74f00 .functor NOT 1, v000001b79aae88e0_0, C4<0>, C4<0>, C4<0>;
L_000001b79aa74fe0 .functor AND 1, L_000001b79aa74e90, L_000001b79aa74f00, C4<1>, C4<1>;
L_000001b79aa75050 .functor AND 1, L_000001b79aa74fe0, v000001b79aae9ba0_0, C4<1>, C4<1>;
L_000001b79aa75600 .functor NOT 1, v000001b79aae8b60_0, C4<0>, C4<0>, C4<0>;
L_000001b79aa750c0 .functor AND 1, L_000001b79aa75600, v000001b79aae88e0_0, C4<1>, C4<1>;
L_000001b79aa75210 .functor NOT 1, v000001b79aae9ba0_0, C4<0>, C4<0>, C4<0>;
L_000001b79aa752f0 .functor AND 1, L_000001b79aa750c0, L_000001b79aa75210, C4<1>, C4<1>;
L_000001b79aa75280 .functor NOT 1, v000001b79aae8b60_0, C4<0>, C4<0>, C4<0>;
L_000001b79aa75440 .functor AND 1, L_000001b79aa75280, v000001b79aae88e0_0, C4<1>, C4<1>;
L_000001b79aa754b0 .functor AND 1, L_000001b79aa75440, v000001b79aae9ba0_0, C4<1>, C4<1>;
L_000001b79aa75520 .functor NOT 1, v000001b79aae88e0_0, C4<0>, C4<0>, C4<0>;
L_000001b79aaeac30 .functor AND 1, v000001b79aae8b60_0, L_000001b79aa75520, C4<1>, C4<1>;
L_000001b79aaea300 .functor NOT 1, v000001b79aae9ba0_0, C4<0>, C4<0>, C4<0>;
L_000001b79aaeaca0 .functor AND 1, L_000001b79aaeac30, L_000001b79aaea300, C4<1>, C4<1>;
L_000001b79aaeae60 .functor NOT 1, v000001b79aae88e0_0, C4<0>, C4<0>, C4<0>;
L_000001b79aaea220 .functor AND 1, v000001b79aae8b60_0, L_000001b79aaeae60, C4<1>, C4<1>;
L_000001b79aaea140 .functor AND 1, L_000001b79aaea220, v000001b79aae9ba0_0, C4<1>, C4<1>;
L_000001b79aaea1b0 .functor AND 1, v000001b79aae8b60_0, v000001b79aae88e0_0, C4<1>, C4<1>;
L_000001b79aaea0d0 .functor NOT 1, v000001b79aae9ba0_0, C4<0>, C4<0>, C4<0>;
L_000001b79aaeaed0 .functor AND 1, L_000001b79aaea1b0, L_000001b79aaea0d0, C4<1>, C4<1>;
L_000001b79aaeaa00 .functor AND 1, v000001b79aae8b60_0, v000001b79aae88e0_0, C4<1>, C4<1>;
L_000001b79aaeaf40 .functor AND 1, L_000001b79aaeaa00, v000001b79aae9ba0_0, C4<1>, C4<1>;
v000001b79aa7bcd0_0 .net "D", 7 0, L_000001b79aae9ce0;  alias, 1 drivers
v000001b79aae92e0_0 .net *"_ivl_10", 0 0, L_000001b79aa74db0;  1 drivers
v000001b79aae9b00_0 .net *"_ivl_14", 0 0, L_000001b79aa74e90;  1 drivers
v000001b79aae9060_0 .net *"_ivl_16", 0 0, L_000001b79aa74f00;  1 drivers
v000001b79aae8700_0 .net *"_ivl_18", 0 0, L_000001b79aa74fe0;  1 drivers
v000001b79aae9600_0 .net *"_ivl_2", 0 0, L_000001b79aa758a0;  1 drivers
v000001b79aae8f20_0 .net *"_ivl_20", 0 0, L_000001b79aa75050;  1 drivers
v000001b79aae8200_0 .net *"_ivl_24", 0 0, L_000001b79aa75600;  1 drivers
v000001b79aae9f60_0 .net *"_ivl_26", 0 0, L_000001b79aa750c0;  1 drivers
v000001b79aae8340_0 .net *"_ivl_28", 0 0, L_000001b79aa75210;  1 drivers
v000001b79aae8ca0_0 .net *"_ivl_30", 0 0, L_000001b79aa752f0;  1 drivers
v000001b79aae9a60_0 .net *"_ivl_34", 0 0, L_000001b79aa75280;  1 drivers
v000001b79aae9920_0 .net *"_ivl_36", 0 0, L_000001b79aa75440;  1 drivers
v000001b79aae8980_0 .net *"_ivl_38", 0 0, L_000001b79aa754b0;  1 drivers
v000001b79aae9c40_0 .net *"_ivl_4", 0 0, L_000001b79aa74a30;  1 drivers
v000001b79aae96a0_0 .net *"_ivl_42", 0 0, L_000001b79aa75520;  1 drivers
v000001b79aae9380_0 .net *"_ivl_44", 0 0, L_000001b79aaeac30;  1 drivers
v000001b79aae8de0_0 .net *"_ivl_46", 0 0, L_000001b79aaea300;  1 drivers
v000001b79aae9ec0_0 .net *"_ivl_48", 0 0, L_000001b79aaeaca0;  1 drivers
v000001b79aae80c0_0 .net *"_ivl_52", 0 0, L_000001b79aaeae60;  1 drivers
v000001b79aae9420_0 .net *"_ivl_54", 0 0, L_000001b79aaea220;  1 drivers
v000001b79aae8660_0 .net *"_ivl_56", 0 0, L_000001b79aaea140;  1 drivers
v000001b79aae94c0_0 .net *"_ivl_6", 0 0, L_000001b79aa74cd0;  1 drivers
v000001b79aae9740_0 .net *"_ivl_60", 0 0, L_000001b79aaea1b0;  1 drivers
v000001b79aae8480_0 .net *"_ivl_62", 0 0, L_000001b79aaea0d0;  1 drivers
v000001b79aae99c0_0 .net *"_ivl_64", 0 0, L_000001b79aaeaed0;  1 drivers
v000001b79aae8a20_0 .net *"_ivl_69", 0 0, L_000001b79aaeaa00;  1 drivers
v000001b79aae9560_0 .net *"_ivl_71", 0 0, L_000001b79aaeaf40;  1 drivers
v000001b79aae8160_0 .net *"_ivl_8", 0 0, L_000001b79aa74d40;  1 drivers
v000001b79aae9100_0 .net "x", 0 0, v000001b79aae8b60_0;  1 drivers
v000001b79aae8c00_0 .net "y", 0 0, v000001b79aae88e0_0;  1 drivers
v000001b79aae82a0_0 .net "z", 0 0, v000001b79aae9ba0_0;  1 drivers
LS_000001b79aae9ce0_0_0 .concat8 [ 1 1 1 1], L_000001b79aa74db0, L_000001b79aa75050, L_000001b79aa752f0, L_000001b79aa754b0;
LS_000001b79aae9ce0_0_4 .concat8 [ 1 1 1 1], L_000001b79aaeaca0, L_000001b79aaea140, L_000001b79aaeaed0, L_000001b79aaeaf40;
L_000001b79aae9ce0 .concat8 [ 4 4 0 0], LS_000001b79aae9ce0_0_0, LS_000001b79aae9ce0_0_4;
    .scope S_000001b79aa82630;
T_0 ;
    %wait E_000001b79aa7ebe0;
    %load/vec4 v000001b79aa7bc30_0;
    %cmpi/e 0, 0, 3;
    %jmp/0xz  T_0.0, 4;
    %pushi/vec4 1, 0, 8;
    %store/vec4 v000001b79aa7beb0_0, 0, 8;
    %jmp T_0.1;
T_0.0 ;
    %load/vec4 v000001b79aa7bc30_0;
    %cmpi/e 1, 0, 3;
    %jmp/0xz  T_0.2, 4;
    %pushi/vec4 2, 0, 8;
    %store/vec4 v000001b79aa7beb0_0, 0, 8;
    %jmp T_0.3;
T_0.2 ;
    %load/vec4 v000001b79aa7bc30_0;
    %cmpi/e 2, 0, 3;
    %jmp/0xz  T_0.4, 4;
    %pushi/vec4 4, 0, 8;
    %store/vec4 v000001b79aa7beb0_0, 0, 8;
    %jmp T_0.5;
T_0.4 ;
    %load/vec4 v000001b79aa7bc30_0;
    %cmpi/e 3, 0, 3;
    %jmp/0xz  T_0.6, 4;
    %pushi/vec4 8, 0, 8;
    %store/vec4 v000001b79aa7beb0_0, 0, 8;
    %jmp T_0.7;
T_0.6 ;
    %load/vec4 v000001b79aa7bc30_0;
    %cmpi/e 4, 0, 3;
    %jmp/0xz  T_0.8, 4;
    %pushi/vec4 16, 0, 8;
    %store/vec4 v000001b79aa7beb0_0, 0, 8;
    %jmp T_0.9;
T_0.8 ;
    %load/vec4 v000001b79aa7bc30_0;
    %cmpi/e 5, 0, 3;
    %jmp/0xz  T_0.10, 4;
    %pushi/vec4 32, 0, 8;
    %store/vec4 v000001b79aa7beb0_0, 0, 8;
    %jmp T_0.11;
T_0.10 ;
    %load/vec4 v000001b79aa7bc30_0;
    %cmpi/e 6, 0, 3;
    %jmp/0xz  T_0.12, 4;
    %pushi/vec4 64, 0, 8;
    %store/vec4 v000001b79aa7beb0_0, 0, 8;
    %jmp T_0.13;
T_0.12 ;
    %load/vec4 v000001b79aa7bc30_0;
    %cmpi/e 7, 0, 3;
    %jmp/0xz  T_0.14, 4;
    %pushi/vec4 128, 0, 8;
    %store/vec4 v000001b79aa7beb0_0, 0, 8;
    %jmp T_0.15;
T_0.14 ;
    %pushi/vec4 1, 0, 8;
    %store/vec4 v000001b79aa7beb0_0, 0, 8;
T_0.15 ;
T_0.13 ;
T_0.11 ;
T_0.9 ;
T_0.7 ;
T_0.5 ;
T_0.3 ;
T_0.1 ;
    %jmp T_0;
    .thread T_0, $push;
    .scope S_000001b79aa895a0;
T_1 ;
    %wait E_000001b79aa7ed20;
    %load/vec4 v000001b79aa7b9b0_0;
    %dup/vec4;
    %pushi/vec4 0, 0, 3;
    %cmp/u;
    %jmp/1 T_1.0, 6;
    %dup/vec4;
    %pushi/vec4 1, 0, 3;
    %cmp/u;
    %jmp/1 T_1.1, 6;
    %dup/vec4;
    %pushi/vec4 2, 0, 3;
    %cmp/u;
    %jmp/1 T_1.2, 6;
    %dup/vec4;
    %pushi/vec4 3, 0, 3;
    %cmp/u;
    %jmp/1 T_1.3, 6;
    %dup/vec4;
    %pushi/vec4 4, 0, 3;
    %cmp/u;
    %jmp/1 T_1.4, 6;
    %dup/vec4;
    %pushi/vec4 5, 0, 3;
    %cmp/u;
    %jmp/1 T_1.5, 6;
    %dup/vec4;
    %pushi/vec4 6, 0, 3;
    %cmp/u;
    %jmp/1 T_1.6, 6;
    %dup/vec4;
    %pushi/vec4 7, 0, 3;
    %cmp/u;
    %jmp/1 T_1.7, 6;
    %pushi/vec4 1, 0, 8;
    %store/vec4 v000001b79aa7b4b0_0, 0, 8;
    %jmp T_1.9;
T_1.0 ;
    %pushi/vec4 1, 0, 8;
    %store/vec4 v000001b79aa7b4b0_0, 0, 8;
    %jmp T_1.9;
T_1.1 ;
    %pushi/vec4 2, 0, 8;
    %store/vec4 v000001b79aa7b4b0_0, 0, 8;
    %jmp T_1.9;
T_1.2 ;
    %pushi/vec4 4, 0, 8;
    %store/vec4 v000001b79aa7b4b0_0, 0, 8;
    %jmp T_1.9;
T_1.3 ;
    %pushi/vec4 8, 0, 8;
    %store/vec4 v000001b79aa7b4b0_0, 0, 8;
    %jmp T_1.9;
T_1.4 ;
    %pushi/vec4 16, 0, 8;
    %store/vec4 v000001b79aa7b4b0_0, 0, 8;
    %jmp T_1.9;
T_1.5 ;
    %pushi/vec4 32, 0, 8;
    %store/vec4 v000001b79aa7b4b0_0, 0, 8;
    %jmp T_1.9;
T_1.6 ;
    %pushi/vec4 64, 0, 8;
    %store/vec4 v000001b79aa7b4b0_0, 0, 8;
    %jmp T_1.9;
T_1.7 ;
    %pushi/vec4 128, 0, 8;
    %store/vec4 v000001b79aa7b4b0_0, 0, 8;
    %jmp T_1.9;
T_1.9 ;
    %pop/vec4 1;
    %jmp T_1;
    .thread T_1, $push;
    .scope S_000001b79aa90c50;
T_2 ;
    %vpi_call 3 13 "$dumpfile", "dec_if_tb.vcd" {0 0 0};
    %vpi_call 3 14 "$dumpvars", 32'sb00000000000000000000000000000000, S_000001b79aa90c50 {0 0 0};
    %pushi/vec4 0, 0, 3;
    %store/vec4 v000001b79aa7bb90_0, 0, 3;
    %delay 20000, 0;
    %pushi/vec4 1, 0, 3;
    %store/vec4 v000001b79aa7bb90_0, 0, 3;
    %delay 20000, 0;
    %pushi/vec4 2, 0, 3;
    %store/vec4 v000001b79aa7bb90_0, 0, 3;
    %delay 20000, 0;
    %pushi/vec4 3, 0, 3;
    %store/vec4 v000001b79aa7bb90_0, 0, 3;
    %delay 20000, 0;
    %pushi/vec4 4, 0, 3;
    %store/vec4 v000001b79aa7bb90_0, 0, 3;
    %delay 20000, 0;
    %pushi/vec4 5, 0, 3;
    %store/vec4 v000001b79aa7bb90_0, 0, 3;
    %delay 20000, 0;
    %pushi/vec4 6, 0, 3;
    %store/vec4 v000001b79aa7bb90_0, 0, 3;
    %delay 20000, 0;
    %pushi/vec4 7, 0, 3;
    %store/vec4 v000001b79aa7bb90_0, 0, 3;
    %delay 20000, 0;
    %vpi_call 3 40 "$finish" {0 0 0};
    %end;
    .thread T_2;
    .scope S_000001b79aa90c50;
T_3 ;
    %vpi_call 3 44 "$monitor", "X=%b, D=%b", v000001b79aa7bb90_0, v000001b79aa7baf0_0 {0 0 0};
    %end;
    .thread T_3;
    .scope S_000001b79aa90de0;
T_4 ;
    %vpi_call 5 15 "$dumpfile", "dec_tb.vcd" {0 0 0};
    %vpi_call 5 16 "$dumpvars", 32'sb00000000000000000000000000000000, S_000001b79aa90de0 {0 0 0};
    %pushi/vec4 0, 0, 1;
    %store/vec4 v000001b79aae8b60_0, 0, 1;
    %pushi/vec4 0, 0, 1;
    %store/vec4 v000001b79aae88e0_0, 0, 1;
    %pushi/vec4 0, 0, 1;
    %store/vec4 v000001b79aae9ba0_0, 0, 1;
    %delay 20000, 0;
    %pushi/vec4 0, 0, 1;
    %store/vec4 v000001b79aae8b60_0, 0, 1;
    %pushi/vec4 0, 0, 1;
    %store/vec4 v000001b79aae88e0_0, 0, 1;
    %pushi/vec4 1, 0, 1;
    %store/vec4 v000001b79aae9ba0_0, 0, 1;
    %delay 20000, 0;
    %pushi/vec4 0, 0, 1;
    %store/vec4 v000001b79aae8b60_0, 0, 1;
    %pushi/vec4 1, 0, 1;
    %store/vec4 v000001b79aae88e0_0, 0, 1;
    %pushi/vec4 0, 0, 1;
    %store/vec4 v000001b79aae9ba0_0, 0, 1;
    %delay 20000, 0;
    %pushi/vec4 0, 0, 1;
    %store/vec4 v000001b79aae8b60_0, 0, 1;
    %pushi/vec4 1, 0, 1;
    %store/vec4 v000001b79aae88e0_0, 0, 1;
    %pushi/vec4 1, 0, 1;
    %store/vec4 v000001b79aae9ba0_0, 0, 1;
    %delay 20000, 0;
    %pushi/vec4 1, 0, 1;
    %store/vec4 v000001b79aae8b60_0, 0, 1;
    %pushi/vec4 0, 0, 1;
    %store/vec4 v000001b79aae88e0_0, 0, 1;
    %pushi/vec4 0, 0, 1;
    %store/vec4 v000001b79aae9ba0_0, 0, 1;
    %delay 20000, 0;
    %pushi/vec4 1, 0, 1;
    %store/vec4 v000001b79aae8b60_0, 0, 1;
    %pushi/vec4 0, 0, 1;
    %store/vec4 v000001b79aae88e0_0, 0, 1;
    %pushi/vec4 1, 0, 1;
    %store/vec4 v000001b79aae9ba0_0, 0, 1;
    %delay 20000, 0;
    %pushi/vec4 1, 0, 1;
    %store/vec4 v000001b79aae8b60_0, 0, 1;
    %pushi/vec4 1, 0, 1;
    %store/vec4 v000001b79aae88e0_0, 0, 1;
    %pushi/vec4 0, 0, 1;
    %store/vec4 v000001b79aae9ba0_0, 0, 1;
    %delay 20000, 0;
    %pushi/vec4 1, 0, 1;
    %store/vec4 v000001b79aae8b60_0, 0, 1;
    %pushi/vec4 1, 0, 1;
    %store/vec4 v000001b79aae88e0_0, 0, 1;
    %pushi/vec4 1, 0, 1;
    %store/vec4 v000001b79aae9ba0_0, 0, 1;
    %delay 20000, 0;
    %vpi_call 5 57 "$finish" {0 0 0};
    %end;
    .thread T_4;
    .scope S_000001b79aa90de0;
T_5 ;
    %vpi_call 5 61 "$monitor", "x=%b, y=%b, z=%b, D=%b", v000001b79aae8b60_0, v000001b79aae88e0_0, v000001b79aae9ba0_0, v000001b79aae97e0_0 {0 0 0};
    %end;
    .thread T_5;
# The file index is used to find the file name in the following table.
:file_names 7;
    "N/A";
    "<interactive>";
    "dec_if.v";
    "dec_if_tb.v";
    "dec_case.v";
    "dec_tb.v";
    "dec.v";
