#! /c/Source/iverilog-install/bin/vvp
:ivl_version "12.0 (devel)" "(s20150603-1539-g2693dd32b)";
:ivl_delay_selection "TYPICAL";
:vpi_time_precision - 12;
:vpi_module "C:\iverilog\lib\ivl\system.vpi";
:vpi_module "C:\iverilog\lib\ivl\vhdl_sys.vpi";
:vpi_module "C:\iverilog\lib\ivl\vhdl_textio.vpi";
:vpi_module "C:\iverilog\lib\ivl\v2005_math.vpi";
:vpi_module "C:\iverilog\lib\ivl\va_math.vpi";
S_0000019032e7c9b0 .scope module, "dff_method_tb" "dff_method_tb" 2 3;
 .timescale -9 -12;
v0000019032ec4dd0_0 .var "clk", 0 0;
v0000019032ec4e70_0 .var "d", 0 0;
v0000019032ec4f10_0 .var "en", 0 0;
v0000019032ec4fb0_0 .net "q", 0 0, v0000019032e7cd70_0;  1 drivers
v0000019032e92510_0 .var "reset", 0 0;
S_0000019032e7cb40 .scope module, "uut" "dff_method" 2 10, 3 1 0, S_0000019032e7c9b0;
 .timescale 0 0;
    .port_info 0 /INPUT 1 "clk";
    .port_info 1 /INPUT 1 "reset";
    .port_info 2 /INPUT 1 "en";
    .port_info 3 /INPUT 1 "d";
    .port_info 4 /OUTPUT 1 "q";
v0000019032e92d90_0 .net "clk", 0 0, v0000019032ec4dd0_0;  1 drivers
v0000019032e7be50_0 .net "d", 0 0, v0000019032ec4e70_0;  1 drivers
v0000019032e7ccd0_0 .net "en", 0 0, v0000019032ec4f10_0;  1 drivers
v0000019032e7cd70_0 .var "q", 0 0;
v0000019032ec4bf0_0 .var "r_next", 0 0;
v0000019032ec4c90_0 .var "r_reg", 0 0;
v0000019032ec4d30_0 .net "reset", 0 0, v0000019032e92510_0;  1 drivers
E_0000019032eca000 .event anyedge, v0000019032ec4c90_0;
E_0000019032ec9b80 .event anyedge, v0000019032e7ccd0_0, v0000019032e7be50_0, v0000019032ec4c90_0;
E_0000019032ec9b00 .event posedge, v0000019032ec4d30_0, v0000019032e92d90_0;
    .scope S_0000019032e7cb40;
T_0 ;
    %wait E_0000019032ec9b00;
    %load/vec4 v0000019032ec4d30_0;
    %flag_set/vec4 8;
    %jmp/0xz  T_0.0, 8;
    %pushi/vec4 0, 0, 1;
    %assign/vec4 v0000019032ec4c90_0, 0;
    %jmp T_0.1;
T_0.0 ;
    %load/vec4 v0000019032ec4bf0_0;
    %assign/vec4 v0000019032ec4c90_0, 0;
T_0.1 ;
    %jmp T_0;
    .thread T_0;
    .scope S_0000019032e7cb40;
T_1 ;
    %wait E_0000019032ec9b80;
    %load/vec4 v0000019032e7ccd0_0;
    %flag_set/vec4 8;
    %jmp/0xz  T_1.0, 8;
    %load/vec4 v0000019032e7be50_0;
    %store/vec4 v0000019032ec4bf0_0, 0, 1;
    %jmp T_1.1;
T_1.0 ;
    %load/vec4 v0000019032ec4c90_0;
    %store/vec4 v0000019032ec4bf0_0, 0, 1;
T_1.1 ;
    %jmp T_1;
    .thread T_1, $push;
    .scope S_0000019032e7cb40;
T_2 ;
    %wait E_0000019032eca000;
    %load/vec4 v0000019032ec4c90_0;
    %store/vec4 v0000019032e7cd70_0, 0, 1;
    %jmp T_2;
    .thread T_2, $push;
    .scope S_0000019032e7c9b0;
T_3 ;
    %load/vec4 v0000019032ec4dd0_0;
    %inv;
    %store/vec4 v0000019032ec4dd0_0, 0, 1;
    %delay 10000, 0;
    %jmp T_3;
    .thread T_3;
    .scope S_0000019032e7c9b0;
T_4 ;
    %vpi_call 2 25 "$dumpfile", "dff_method_tb.vcd" {0 0 0};
    %vpi_call 2 26 "$dumpvars", 32'sb00000000000000000000000000000000, S_0000019032e7c9b0 {0 0 0};
    %pushi/vec4 0, 0, 1;
    %assign/vec4 v0000019032ec4dd0_0, 0;
    %pushi/vec4 1, 0, 1;
    %assign/vec4 v0000019032e92510_0, 0;
    %pushi/vec4 0, 0, 1;
    %assign/vec4 v0000019032ec4f10_0, 0;
    %pushi/vec4 0, 0, 1;
    %assign/vec4 v0000019032ec4e70_0, 0;
    %delay 20000, 0;
    %pushi/vec4 0, 0, 1;
    %assign/vec4 v0000019032e92510_0, 0;
    %pushi/vec4 1, 0, 1;
    %assign/vec4 v0000019032ec4f10_0, 0;
    %pushi/vec4 1, 0, 1;
    %assign/vec4 v0000019032ec4e70_0, 0;
    %delay 20000, 0;
    %vpi_call 2 38 "$finish" {0 0 0};
    %end;
    .thread T_4;
    .scope S_0000019032e7c9b0;
T_5 ;
    %vpi_call 2 42 "$monitor", "clk = %b, reset = %b, en = %b, d = %b, q = %b", v0000019032ec4dd0_0, v0000019032e92510_0, v0000019032ec4f10_0, v0000019032ec4e70_0, v0000019032ec4fb0_0 {0 0 0};
    %end;
    .thread T_5;
# The file index is used to find the file name in the following table.
:file_names 4;
    "N/A";
    "<interactive>";
    "dff_method_tb.v";
    "dff_method.v";
