#! /c/Source/iverilog-install/bin/vvp
:ivl_version "12.0 (devel)" "(s20150603-1539-g2693dd32b)";
:ivl_delay_selection "TYPICAL";
:vpi_time_precision - 12;
:vpi_module "C:\iverilog\lib\ivl\system.vpi";
:vpi_module "C:\iverilog\lib\ivl\vhdl_sys.vpi";
:vpi_module "C:\iverilog\lib\ivl\vhdl_textio.vpi";
:vpi_module "C:\iverilog\lib\ivl\v2005_math.vpi";
:vpi_module "C:\iverilog\lib\ivl\va_math.vpi";
S_000001dabd63aa00 .scope module, "d_ff_tb" "d_ff_tb" 2 3;
 .timescale -9 -12;
v000001dabd63da80_0 .var "clk1", 0 0;
v000001dabd63db20_0 .var "d1", 0 0;
v000001dabd63dbc0_0 .net "q1", 0 0, v000001dabd653000_0;  1 drivers
S_000001dabd63d8f0 .scope module, "uut" "d_ff" 2 8, 3 3 0, S_000001dabd63aa00;
 .timescale 0 0;
    .port_info 0 /INPUT 1 "clk";
    .port_info 1 /INPUT 1 "d";
    .port_info 2 /OUTPUT 1 "q";
v000001dabd652b50_0 .net "clk", 0 0, v000001dabd63da80_0;  1 drivers
v000001dabd652d70_0 .net "d", 0 0, v000001dabd63db20_0;  1 drivers
v000001dabd653000_0 .var "q", 0 0;
E_000001dabd685570 .event posedge, v000001dabd652b50_0;
    .scope S_000001dabd63d8f0;
T_0 ;
    %wait E_000001dabd685570;
    %load/vec4 v000001dabd652d70_0;
    %assign/vec4 v000001dabd653000_0, 0;
    %jmp T_0;
    .thread T_0;
    .scope S_000001dabd63aa00;
T_1 ;
    %delay 10000, 0;
    %load/vec4 v000001dabd63da80_0;
    %inv;
    %store/vec4 v000001dabd63da80_0, 0, 1;
    %jmp T_1;
    .thread T_1;
    .scope S_000001dabd63aa00;
T_2 ;
    %vpi_call 2 19 "$dumpfile", "d_ff_tb.vcd" {0 0 0};
    %vpi_call 2 20 "$dumpvars", 32'sb00000000000000000000000000000000, S_000001dabd63aa00 {0 0 0};
    %pushi/vec4 0, 0, 1;
    %assign/vec4 v000001dabd63da80_0, 0;
    %pushi/vec4 0, 0, 1;
    %assign/vec4 v000001dabd63db20_0, 0;
    %delay 20000, 0;
    %pushi/vec4 1, 0, 1;
    %assign/vec4 v000001dabd63db20_0, 0;
    %delay 20000, 0;
    %pushi/vec4 0, 0, 1;
    %assign/vec4 v000001dabd63db20_0, 0;
    %delay 20000, 0;
    %vpi_call 2 32 "$finish" {0 0 0};
    %end;
    .thread T_2;
    .scope S_000001dabd63aa00;
T_3 ;
    %vpi_call 2 36 "$monitor", "At time %t, d=%b, q=%b", $time, v000001dabd63db20_0, v000001dabd63dbc0_0 {0 0 0};
    %end;
    .thread T_3;
# The file index is used to find the file name in the following table.
:file_names 4;
    "N/A";
    "<interactive>";
    "d_ff_tb.v";
    "d_ff.v";
