#! /c/Source/iverilog-install/bin/vvp
:ivl_version "12.0 (devel)" "(s20150603-1539-g2693dd32b)";
:ivl_delay_selection "TYPICAL";
:vpi_time_precision - 12;
:vpi_module "C:\iverilog\lib\ivl\system.vpi";
:vpi_module "C:\iverilog\lib\ivl\vhdl_sys.vpi";
:vpi_module "C:\iverilog\lib\ivl\vhdl_textio.vpi";
:vpi_module "C:\iverilog\lib\ivl\v2005_math.vpi";
:vpi_module "C:\iverilog\lib\ivl\va_math.vpi";
S_00000138747f2510 .scope module, "dff_syn_tb" "dff_syn_tb" 2 3;
 .timescale -9 -12;
v00000138747f28d0_0 .var "clk", 0 0;
v0000013874815ef0_0 .var "d", 0 0;
v0000013874815f90_0 .var "en", 0 0;
v0000013874816030_0 .net "q", 0 0, v000001387492cd00_0;  1 drivers
v00000138748160d0_0 .var "reset", 0 0;
S_00000138747f26a0 .scope module, "uut" "dff_syn" 2 10, 3 1 0, S_00000138747f2510;
 .timescale 0 0;
    .port_info 0 /INPUT 1 "clk";
    .port_info 1 /INPUT 1 "reset";
    .port_info 2 /INPUT 1 "en";
    .port_info 3 /INPUT 1 "d";
    .port_info 4 /OUTPUT 1 "q";
v00000138747f2b50_0 .net "clk", 0 0, v00000138747f28d0_0;  1 drivers
v000001387492e150_0 .net "d", 0 0, v0000013874815ef0_0;  1 drivers
v00000138747f2d70_0 .net "en", 0 0, v0000013874815f90_0;  1 drivers
v000001387492cd00_0 .var "q", 0 0;
v00000138747f2830_0 .net "reset", 0 0, v00000138748160d0_0;  1 drivers
E_0000013874815c70 .event posedge, v00000138747f2830_0, v00000138747f2b50_0;
    .scope S_00000138747f26a0;
T_0 ;
    %wait E_0000013874815c70;
    %load/vec4 v00000138747f2830_0;
    %flag_set/vec4 8;
    %jmp/0xz  T_0.0, 8;
    %pushi/vec4 0, 0, 1;
    %assign/vec4 v000001387492cd00_0, 0;
    %jmp T_0.1;
T_0.0 ;
    %load/vec4 v00000138747f2d70_0;
    %flag_set/vec4 8;
    %jmp/0xz  T_0.2, 8;
    %load/vec4 v000001387492e150_0;
    %assign/vec4 v000001387492cd00_0, 0;
T_0.2 ;
T_0.1 ;
    %jmp T_0;
    .thread T_0;
    .scope S_00000138747f2510;
T_1 ;
    %load/vec4 v00000138747f28d0_0;
    %inv;
    %store/vec4 v00000138747f28d0_0, 0, 1;
    %delay 10000, 0;
    %jmp T_1;
    .thread T_1;
    .scope S_00000138747f2510;
T_2 ;
    %vpi_call 2 25 "$dumpfile", "dff_syn_tb.vcd" {0 0 0};
    %vpi_call 2 26 "$dumpvars", 32'sb00000000000000000000000000000000, S_00000138747f2510 {0 0 0};
    %pushi/vec4 0, 0, 1;
    %assign/vec4 v00000138747f28d0_0, 0;
    %pushi/vec4 1, 0, 1;
    %assign/vec4 v00000138748160d0_0, 0;
    %pushi/vec4 0, 0, 1;
    %assign/vec4 v0000013874815f90_0, 0;
    %pushi/vec4 0, 0, 1;
    %assign/vec4 v0000013874815ef0_0, 0;
    %delay 20000, 0;
    %pushi/vec4 0, 0, 1;
    %assign/vec4 v00000138748160d0_0, 0;
    %pushi/vec4 1, 0, 1;
    %assign/vec4 v0000013874815f90_0, 0;
    %pushi/vec4 1, 0, 1;
    %assign/vec4 v0000013874815ef0_0, 0;
    %delay 20000, 0;
    %vpi_call 2 38 "$finish" {0 0 0};
    %end;
    .thread T_2;
    .scope S_00000138747f2510;
T_3 ;
    %vpi_call 2 42 "$monitor", "clk = %b, reset = %b, en = %b, d = %b, q = %b", v00000138747f28d0_0, v00000138748160d0_0, v0000013874815f90_0, v0000013874815ef0_0, v0000013874816030_0 {0 0 0};
    %end;
    .thread T_3;
# The file index is used to find the file name in the following table.
:file_names 4;
    "N/A";
    "<interactive>";
    "dff_syn_tb.v";
    "dff_syn.v";
