#! /c/Source/iverilog-install/bin/vvp
:ivl_version "12.0 (devel)" "(s20150603-1539-g2693dd32b)";
:ivl_delay_selection "TYPICAL";
:vpi_time_precision - 12;
:vpi_module "C:\iverilog\lib\ivl\system.vpi";
:vpi_module "C:\iverilog\lib\ivl\vhdl_sys.vpi";
:vpi_module "C:\iverilog\lib\ivl\vhdl_textio.vpi";
:vpi_module "C:\iverilog\lib\ivl\v2005_math.vpi";
:vpi_module "C:\iverilog\lib\ivl\va_math.vpi";
S_000001f2feb8cad0 .scope module, "pri_enc_always_tb" "pri_enc_always_tb" 2 3;
 .timescale -9 -12;
v000001f2feba25b0_0 .net "A", 1 0, v000001f2feba2ce0_0;  1 drivers
v000001f2feba2650_0 .var "Y", 3 0;
S_000001f2feb8cc60 .scope module, "uut" "pri_enc_always" 2 7, 3 1 0, S_000001f2feb8cad0;
 .timescale 0 0;
    .port_info 0 /INPUT 4 "Y";
    .port_info 1 /OUTPUT 2 "A";
v000001f2feba2ce0_0 .var "A", 1 0;
v000001f2feba2510_0 .net "Y", 3 0, v000001f2feba2650_0;  1 drivers
E_000001f2feb8b000 .event anyedge, v000001f2feba2510_0;
    .scope S_000001f2feb8cc60;
T_0 ;
    %wait E_000001f2feb8b000;
    %load/vec4 v000001f2feba2510_0;
    %dup/vec4;
    %pushi/vec4 0, 0, 4;
    %cmp/u;
    %jmp/1 T_0.0, 6;
    %dup/vec4;
    %pushi/vec4 1, 0, 4;
    %cmp/u;
    %jmp/1 T_0.1, 6;
    %dup/vec4;
    %pushi/vec4 2, 0, 4;
    %cmp/u;
    %jmp/1 T_0.2, 6;
    %dup/vec4;
    %pushi/vec4 3, 0, 4;
    %cmp/u;
    %jmp/1 T_0.3, 6;
    %dup/vec4;
    %pushi/vec4 4, 0, 4;
    %cmp/u;
    %jmp/1 T_0.4, 6;
    %dup/vec4;
    %pushi/vec4 5, 0, 4;
    %cmp/u;
    %jmp/1 T_0.5, 6;
    %dup/vec4;
    %pushi/vec4 6, 0, 4;
    %cmp/u;
    %jmp/1 T_0.6, 6;
    %dup/vec4;
    %pushi/vec4 7, 0, 4;
    %cmp/u;
    %jmp/1 T_0.7, 6;
    %dup/vec4;
    %pushi/vec4 8, 0, 4;
    %cmp/u;
    %jmp/1 T_0.8, 6;
    %dup/vec4;
    %pushi/vec4 9, 0, 4;
    %cmp/u;
    %jmp/1 T_0.9, 6;
    %dup/vec4;
    %pushi/vec4 10, 0, 4;
    %cmp/u;
    %jmp/1 T_0.10, 6;
    %dup/vec4;
    %pushi/vec4 11, 0, 4;
    %cmp/u;
    %jmp/1 T_0.11, 6;
    %dup/vec4;
    %pushi/vec4 12, 0, 4;
    %cmp/u;
    %jmp/1 T_0.12, 6;
    %dup/vec4;
    %pushi/vec4 13, 0, 4;
    %cmp/u;
    %jmp/1 T_0.13, 6;
    %dup/vec4;
    %pushi/vec4 14, 0, 4;
    %cmp/u;
    %jmp/1 T_0.14, 6;
    %dup/vec4;
    %pushi/vec4 15, 0, 4;
    %cmp/u;
    %jmp/1 T_0.15, 6;
    %pushi/vec4 0, 0, 2;
    %store/vec4 v000001f2feba2ce0_0, 0, 2;
    %jmp T_0.17;
T_0.0 ;
    %pushi/vec4 0, 0, 2;
    %store/vec4 v000001f2feba2ce0_0, 0, 2;
    %jmp T_0.17;
T_0.1 ;
    %pushi/vec4 1, 0, 2;
    %store/vec4 v000001f2feba2ce0_0, 0, 2;
    %jmp T_0.17;
T_0.2 ;
    %pushi/vec4 2, 0, 2;
    %store/vec4 v000001f2feba2ce0_0, 0, 2;
    %jmp T_0.17;
T_0.3 ;
    %pushi/vec4 3, 0, 2;
    %store/vec4 v000001f2feba2ce0_0, 0, 2;
    %jmp T_0.17;
T_0.4 ;
    %pushi/vec4 0, 0, 2;
    %store/vec4 v000001f2feba2ce0_0, 0, 2;
    %jmp T_0.17;
T_0.5 ;
    %pushi/vec4 1, 0, 2;
    %store/vec4 v000001f2feba2ce0_0, 0, 2;
    %jmp T_0.17;
T_0.6 ;
    %pushi/vec4 2, 0, 2;
    %store/vec4 v000001f2feba2ce0_0, 0, 2;
    %jmp T_0.17;
T_0.7 ;
    %pushi/vec4 3, 0, 2;
    %store/vec4 v000001f2feba2ce0_0, 0, 2;
    %jmp T_0.17;
T_0.8 ;
    %pushi/vec4 0, 0, 2;
    %store/vec4 v000001f2feba2ce0_0, 0, 2;
    %jmp T_0.17;
T_0.9 ;
    %pushi/vec4 1, 0, 2;
    %store/vec4 v000001f2feba2ce0_0, 0, 2;
    %jmp T_0.17;
T_0.10 ;
    %pushi/vec4 2, 0, 2;
    %store/vec4 v000001f2feba2ce0_0, 0, 2;
    %jmp T_0.17;
T_0.11 ;
    %pushi/vec4 3, 0, 2;
    %store/vec4 v000001f2feba2ce0_0, 0, 2;
    %jmp T_0.17;
T_0.12 ;
    %pushi/vec4 0, 0, 2;
    %store/vec4 v000001f2feba2ce0_0, 0, 2;
    %jmp T_0.17;
T_0.13 ;
    %pushi/vec4 1, 0, 2;
    %store/vec4 v000001f2feba2ce0_0, 0, 2;
    %jmp T_0.17;
T_0.14 ;
    %pushi/vec4 2, 0, 2;
    %store/vec4 v000001f2feba2ce0_0, 0, 2;
    %jmp T_0.17;
T_0.15 ;
    %pushi/vec4 3, 0, 2;
    %store/vec4 v000001f2feba2ce0_0, 0, 2;
    %jmp T_0.17;
T_0.17 ;
    %pop/vec4 1;
    %jmp T_0;
    .thread T_0, $push;
    .scope S_000001f2feb8cad0;
T_1 ;
    %vpi_call 2 13 "$dumpfile", "pri_enc_always_tb.vcd" {0 0 0};
    %vpi_call 2 14 "$dumpvars", 32'sb00000000000000000000000000000000, S_000001f2feb8cad0 {0 0 0};
    %pushi/vec4 0, 0, 4;
    %store/vec4 v000001f2feba2650_0, 0, 4;
    %delay 10000, 0;
    %pushi/vec4 1, 0, 4;
    %store/vec4 v000001f2feba2650_0, 0, 4;
    %delay 10000, 0;
    %pushi/vec4 2, 0, 4;
    %store/vec4 v000001f2feba2650_0, 0, 4;
    %delay 10000, 0;
    %pushi/vec4 3, 0, 4;
    %store/vec4 v000001f2feba2650_0, 0, 4;
    %delay 10000, 0;
    %pushi/vec4 4, 0, 4;
    %store/vec4 v000001f2feba2650_0, 0, 4;
    %delay 10000, 0;
    %pushi/vec4 5, 0, 4;
    %store/vec4 v000001f2feba2650_0, 0, 4;
    %delay 10000, 0;
    %pushi/vec4 6, 0, 4;
    %store/vec4 v000001f2feba2650_0, 0, 4;
    %delay 10000, 0;
    %pushi/vec4 7, 0, 4;
    %store/vec4 v000001f2feba2650_0, 0, 4;
    %delay 10000, 0;
    %pushi/vec4 8, 0, 4;
    %store/vec4 v000001f2feba2650_0, 0, 4;
    %delay 10000, 0;
    %pushi/vec4 9, 0, 4;
    %store/vec4 v000001f2feba2650_0, 0, 4;
    %delay 10000, 0;
    %pushi/vec4 10, 0, 4;
    %store/vec4 v000001f2feba2650_0, 0, 4;
    %delay 10000, 0;
    %pushi/vec4 11, 0, 4;
    %store/vec4 v000001f2feba2650_0, 0, 4;
    %delay 10000, 0;
    %pushi/vec4 12, 0, 4;
    %store/vec4 v000001f2feba2650_0, 0, 4;
    %delay 10000, 0;
    %pushi/vec4 13, 0, 4;
    %store/vec4 v000001f2feba2650_0, 0, 4;
    %delay 10000, 0;
    %pushi/vec4 14, 0, 4;
    %store/vec4 v000001f2feba2650_0, 0, 4;
    %delay 10000, 0;
    %pushi/vec4 15, 0, 4;
    %store/vec4 v000001f2feba2650_0, 0, 4;
    %delay 10000, 0;
    %vpi_call 2 48 "$finish" {0 0 0};
    %end;
    .thread T_1;
    .scope S_000001f2feb8cad0;
T_2 ;
    %vpi_call 2 52 "$monitor", "Y=%b, A=%b", v000001f2feba2650_0, v000001f2feba25b0_0 {0 0 0};
    %end;
    .thread T_2;
# The file index is used to find the file name in the following table.
:file_names 4;
    "N/A";
    "<interactive>";
    "pri_enc_always_tb.v";
    "pri_enc_always.v";
