#! /c/Source/iverilog-install/bin/vvp
:ivl_version "12.0 (devel)" "(s20150603-1539-g2693dd32b)";
:ivl_delay_selection "TYPICAL";
:vpi_time_precision - 12;
:vpi_module "C:\iverilog\lib\ivl\system.vpi";
:vpi_module "C:\iverilog\lib\ivl\vhdl_sys.vpi";
:vpi_module "C:\iverilog\lib\ivl\vhdl_textio.vpi";
:vpi_module "C:\iverilog\lib\ivl\v2005_math.vpi";
:vpi_module "C:\iverilog\lib\ivl\va_math.vpi";
S_000001dd8510b470 .scope module, "pri_enc_if_tb" "pri_enc_if_tb" 2 3;
 .timescale -9 -12;
v000001dd8510cbc0_0 .net "A", 1 0, v000001dd8510b600_0;  1 drivers
v000001dd8510cc60_0 .var "Y", 3 0;
S_000001dd8510ca30 .scope module, "uut" "pri_enc_if" 2 7, 3 1 0, S_000001dd8510b470;
 .timescale 0 0;
    .port_info 0 /INPUT 4 "Y";
    .port_info 1 /OUTPUT 2 "A";
v000001dd8510b600_0 .var "A", 1 0;
v000001dd85122cc0_0 .net "Y", 3 0, v000001dd8510cc60_0;  1 drivers
E_000001dd851098c0 .event anyedge, v000001dd85122cc0_0;
    .scope S_000001dd8510ca30;
T_0 ;
    %wait E_000001dd851098c0;
    %load/vec4 v000001dd85122cc0_0;
    %cmpi/e 1, 0, 4;
    %jmp/0xz  T_0.0, 4;
    %pushi/vec4 0, 0, 2;
    %store/vec4 v000001dd8510b600_0, 0, 2;
    %jmp T_0.1;
T_0.0 ;
    %load/vec4 v000001dd85122cc0_0;
    %cmpi/e 2, 0, 4;
    %jmp/0xz  T_0.2, 4;
    %pushi/vec4 1, 0, 2;
    %store/vec4 v000001dd8510b600_0, 0, 2;
    %jmp T_0.3;
T_0.2 ;
    %load/vec4 v000001dd85122cc0_0;
    %cmpi/e 4, 0, 4;
    %jmp/0xz  T_0.4, 4;
    %pushi/vec4 2, 0, 2;
    %store/vec4 v000001dd8510b600_0, 0, 2;
    %jmp T_0.5;
T_0.4 ;
    %load/vec4 v000001dd85122cc0_0;
    %cmpi/e 8, 0, 4;
    %jmp/0xz  T_0.6, 4;
    %pushi/vec4 3, 0, 2;
    %store/vec4 v000001dd8510b600_0, 0, 2;
    %jmp T_0.7;
T_0.6 ;
    %pushi/vec4 0, 0, 2;
    %store/vec4 v000001dd8510b600_0, 0, 2;
T_0.7 ;
T_0.5 ;
T_0.3 ;
T_0.1 ;
    %jmp T_0;
    .thread T_0, $push;
    .scope S_000001dd8510b470;
T_1 ;
    %vpi_call 2 13 "$dumpfile", "pri_enc_if_tb.vcd" {0 0 0};
    %vpi_call 2 14 "$dumpvars", 32'sb00000000000000000000000000000000, S_000001dd8510b470 {0 0 0};
    %pushi/vec4 0, 0, 4;
    %store/vec4 v000001dd8510cc60_0, 0, 4;
    %delay 10000, 0;
    %pushi/vec4 1, 0, 4;
    %store/vec4 v000001dd8510cc60_0, 0, 4;
    %delay 10000, 0;
    %pushi/vec4 2, 0, 4;
    %store/vec4 v000001dd8510cc60_0, 0, 4;
    %delay 10000, 0;
    %pushi/vec4 3, 0, 4;
    %store/vec4 v000001dd8510cc60_0, 0, 4;
    %delay 10000, 0;
    %pushi/vec4 4, 0, 4;
    %store/vec4 v000001dd8510cc60_0, 0, 4;
    %delay 10000, 0;
    %pushi/vec4 5, 0, 4;
    %store/vec4 v000001dd8510cc60_0, 0, 4;
    %delay 10000, 0;
    %pushi/vec4 6, 0, 4;
    %store/vec4 v000001dd8510cc60_0, 0, 4;
    %delay 10000, 0;
    %pushi/vec4 7, 0, 4;
    %store/vec4 v000001dd8510cc60_0, 0, 4;
    %delay 10000, 0;
    %pushi/vec4 8, 0, 4;
    %store/vec4 v000001dd8510cc60_0, 0, 4;
    %delay 10000, 0;
    %pushi/vec4 9, 0, 4;
    %store/vec4 v000001dd8510cc60_0, 0, 4;
    %delay 10000, 0;
    %pushi/vec4 10, 0, 4;
    %store/vec4 v000001dd8510cc60_0, 0, 4;
    %delay 10000, 0;
    %pushi/vec4 11, 0, 4;
    %store/vec4 v000001dd8510cc60_0, 0, 4;
    %delay 10000, 0;
    %pushi/vec4 12, 0, 4;
    %store/vec4 v000001dd8510cc60_0, 0, 4;
    %delay 10000, 0;
    %pushi/vec4 13, 0, 4;
    %store/vec4 v000001dd8510cc60_0, 0, 4;
    %delay 10000, 0;
    %pushi/vec4 14, 0, 4;
    %store/vec4 v000001dd8510cc60_0, 0, 4;
    %delay 10000, 0;
    %pushi/vec4 15, 0, 4;
    %store/vec4 v000001dd8510cc60_0, 0, 4;
    %delay 10000, 0;
    %vpi_call 2 48 "$finish" {0 0 0};
    %end;
    .thread T_1;
    .scope S_000001dd8510b470;
T_2 ;
    %vpi_call 2 52 "$monitor", "Y=%b, A=%b", v000001dd8510cc60_0, v000001dd8510cbc0_0 {0 0 0};
    %end;
    .thread T_2;
# The file index is used to find the file name in the following table.
:file_names 4;
    "N/A";
    "<interactive>";
    "pri_enc_if_tb.v";
    "pri_enc_if.v";
