#! /c/Source/iverilog-install/bin/vvp
:ivl_version "12.0 (devel)" "(s20150603-1539-g2693dd32b)";
:ivl_delay_selection "TYPICAL";
:vpi_time_precision - 12;
:vpi_module "C:\iverilog\lib\ivl\system.vpi";
:vpi_module "C:\iverilog\lib\ivl\vhdl_sys.vpi";
:vpi_module "C:\iverilog\lib\ivl\vhdl_textio.vpi";
:vpi_module "C:\iverilog\lib\ivl\v2005_math.vpi";
:vpi_module "C:\iverilog\lib\ivl\va_math.vpi";
S_00000203751bcb00 .scope module, "register_tb" "register_tb" 2 3;
 .timescale -9 -12;
v00000203751f7d60_0 .var "clk", 0 0;
v00000203751f7e00_0 .var "d", 6 0;
v00000203751d2510_0 .net "q", 6 0, L_00000203751be9e0;  1 drivers
v00000203751d25b0_0 .var "reset", 0 0;
S_00000203751f7b30 .scope module, "uut" "register" 2 8, 3 1 0, S_00000203751bcb00;
 .timescale 0 0;
    .port_info 0 /INPUT 1 "clk";
    .port_info 1 /INPUT 1 "reset";
    .port_info 2 /INPUT 7 "d";
    .port_info 3 /OUTPUT 7 "q";
L_00000203751baab0 .functor BUFZ 7, v00000203751f7e00_0, C4<0000000>, C4<0000000>, C4<0000000>;
L_00000203751be9e0 .functor BUFZ 7, v00000203751bcd30_0, C4<0000000>, C4<0000000>, C4<0000000>;
v00000203751d2b70_0 .net "clk", 0 0, v00000203751f7d60_0;  1 drivers
v00000203751d2d90_0 .net "d", 6 0, v00000203751f7e00_0;  1 drivers
v00000203751baa10_0 .net "q", 6 0, L_00000203751be9e0;  alias, 1 drivers
v00000203751bcc90_0 .net "q_next", 6 0, L_00000203751baab0;  1 drivers
v00000203751bcd30_0 .var "q_reg", 6 0;
v00000203751f7cc0_0 .net "reset", 0 0, v00000203751d25b0_0;  1 drivers
E_00000203751f67f0 .event posedge, v00000203751f7cc0_0, v00000203751d2b70_0;
    .scope S_00000203751f7b30;
T_0 ;
    %wait E_00000203751f67f0;
    %load/vec4 v00000203751f7cc0_0;
    %flag_set/vec4 8;
    %jmp/0xz  T_0.0, 8;
    %pushi/vec4 0, 0, 7;
    %assign/vec4 v00000203751bcd30_0, 0;
    %jmp T_0.1;
T_0.0 ;
    %load/vec4 v00000203751bcc90_0;
    %assign/vec4 v00000203751bcd30_0, 0;
T_0.1 ;
    %jmp T_0;
    .thread T_0;
    .scope S_00000203751bcb00;
T_1 ;
    %load/vec4 v00000203751f7d60_0;
    %inv;
    %store/vec4 v00000203751f7d60_0, 0, 1;
    %delay 10000, 0;
    %jmp T_1;
    .thread T_1;
    .scope S_00000203751bcb00;
T_2 ;
    %vpi_call 2 21 "$dumpfile", "register_tb.vcd" {0 0 0};
    %vpi_call 2 22 "$dumpvars", 32'sb00000000000000000000000000000000, S_00000203751bcb00 {0 0 0};
    %pushi/vec4 0, 0, 1;
    %assign/vec4 v00000203751f7d60_0, 0;
    %pushi/vec4 1, 0, 1;
    %assign/vec4 v00000203751d25b0_0, 0;
    %pushi/vec4 0, 0, 7;
    %assign/vec4 v00000203751f7e00_0, 0;
    %delay 10000, 0;
    %pushi/vec4 0, 0, 1;
    %assign/vec4 v00000203751d25b0_0, 0;
    %delay 10000, 0;
    %pushi/vec4 7, 0, 7;
    %assign/vec4 v00000203751f7e00_0, 0;
    %delay 10000, 0;
    %vpi_call 2 29 "$finish" {0 0 0};
    %end;
    .thread T_2;
    .scope S_00000203751bcb00;
T_3 ;
    %vpi_call 2 33 "$monitor", "clk=%b, reset=%b, d=%7b, q=%7b", v00000203751f7d60_0, v00000203751d25b0_0, v00000203751f7e00_0, v00000203751d2510_0 {0 0 0};
    %end;
    .thread T_3;
# The file index is used to find the file name in the following table.
:file_names 4;
    "N/A";
    "<interactive>";
    "register_tb.v";
    "register.v";
