#! /c/Source/iverilog-install/bin/vvp
:ivl_version "12.0 (devel)" "(s20150603-1539-g2693dd32b)";
:ivl_delay_selection "TYPICAL";
:vpi_time_precision - 12;
:vpi_module "C:\iverilog\lib\ivl\system.vpi";
:vpi_module "C:\iverilog\lib\ivl\vhdl_sys.vpi";
:vpi_module "C:\iverilog\lib\ivl\vhdl_textio.vpi";
:vpi_module "C:\iverilog\lib\ivl\v2005_math.vpi";
:vpi_module "C:\iverilog\lib\ivl\va_math.vpi";
S_000002877519c4f0 .scope module, "_4bitDown_tb" "_4bitDown_tb" 2 2;
 .timescale -9 -12;
v000002877519e700_0 .var "clk", 0 0;
v000002877519e7a0_0 .net "o", 3 0, L_000002877519e840;  1 drivers
v0000028774fe4490_0 .var "set", 0 0;
S_000002877519e430 .scope module, "uut" "_4bitDown" 2 6, 3 1 0, S_000002877519c4f0;
 .timescale 0 0;
    .port_info 0 /INPUT 1 "clk";
    .port_info 1 /INPUT 1 "set";
    .port_info 2 /OUTPUT 4 "o";
L_000002877519e840 .functor BUFZ 4, v000002877519e5c0_0, C4<0000>, C4<0000>, C4<0000>;
L_000002877502b028 .functor BUFT 1, C4<0001>, C4<0>, C4<0>, C4<0>;
v0000028774fb2b50_0 .net/2u *"_ivl_0", 3 0, L_000002877502b028;  1 drivers
v000002877519b430_0 .net "clk", 0 0, v000002877519e700_0;  1 drivers
v0000028774fb28d0_0 .net "i_temp", 3 0, L_0000028774fe4530;  1 drivers
v000002877519a490_0 .net "o", 3 0, L_000002877519e840;  alias, 1 drivers
v000002877519e5c0_0 .var "o_temp", 3 0;
v000002877519e660_0 .net "set", 0 0, v0000028774fe4490_0;  1 drivers
E_0000028774fe56a0 .event posedge, v000002877519e660_0, v000002877519b430_0;
L_0000028774fe4530 .arith/sub 4, v000002877519e5c0_0, L_000002877502b028;
    .scope S_000002877519e430;
T_0 ;
    %wait E_0000028774fe56a0;
    %load/vec4 v000002877519e660_0;
    %flag_set/vec4 8;
    %jmp/0xz  T_0.0, 8;
    %pushi/vec4 15, 0, 4;
    %assign/vec4 v000002877519e5c0_0, 0;
    %jmp T_0.1;
T_0.0 ;
    %load/vec4 v0000028774fb28d0_0;
    %assign/vec4 v000002877519e5c0_0, 0;
T_0.1 ;
    %jmp T_0;
    .thread T_0;
    .scope S_000002877519c4f0;
T_1 ;
    %load/vec4 v000002877519e700_0;
    %inv;
    %store/vec4 v000002877519e700_0, 0, 1;
    %delay 5000, 0;
    %jmp T_1;
    .thread T_1;
    .scope S_000002877519c4f0;
T_2 ;
    %vpi_call 2 17 "$dumpfile", "_4bitDown_tb.vcd" {0 0 0};
    %vpi_call 2 18 "$dumpvars", 32'sb00000000000000000000000000000000, S_000002877519c4f0 {0 0 0};
    %pushi/vec4 0, 0, 1;
    %assign/vec4 v000002877519e700_0, 0;
    %pushi/vec4 1, 0, 1;
    %assign/vec4 v0000028774fe4490_0, 0;
    %delay 10000, 0;
    %pushi/vec4 0, 0, 1;
    %assign/vec4 v0000028774fe4490_0, 0;
    %delay 150000, 0;
    %vpi_call 2 26 "$finish" {0 0 0};
    %end;
    .thread T_2;
    .scope S_000002877519c4f0;
T_3 ;
    %vpi_call 2 30 "$monitor", $time, " clk=%b, set=%b, o=%b", v000002877519e700_0, v0000028774fe4490_0, v000002877519e7a0_0 {0 0 0};
    %end;
    .thread T_3;
# The file index is used to find the file name in the following table.
:file_names 4;
    "N/A";
    "<interactive>";
    "_4bitDown_tb.v";
    "_4bitDown.v";
