#! /c/Source/iverilog-install/bin/vvp
:ivl_version "12.0 (devel)" "(s20150603-1539-g2693dd32b)";
:ivl_delay_selection "TYPICAL";
:vpi_time_precision - 12;
:vpi_module "C:\iverilog\lib\ivl\system.vpi";
:vpi_module "C:\iverilog\lib\ivl\vhdl_sys.vpi";
:vpi_module "C:\iverilog\lib\ivl\vhdl_textio.vpi";
:vpi_module "C:\iverilog\lib\ivl\v2005_math.vpi";
:vpi_module "C:\iverilog\lib\ivl\va_math.vpi";
S_000001e6787b98e0 .scope module, "dec_case_tb" "dec_case_tb" 2 3;
 .timescale -9 -12;
v000001e6787bead0_0 .var "A", 1 0;
v000001e6787beb70_0 .var "E", 0 0;
v000001e6787bec10_0 .net "Y", 3 0, v000001e6787bea30_0;  1 drivers
S_000001e6787bc1f0 .scope module, "uut" "dec_case" 2 8, 3 1 0, S_000001e6787b98e0;
 .timescale 0 0;
    .port_info 0 /INPUT 2 "A";
    .port_info 1 /INPUT 1 "E";
    .port_info 2 /OUTPUT 4 "Y";
v000001e6787d2cc0_0 .net "A", 1 0, v000001e6787bead0_0;  1 drivers
v000001e6787d2ee0_0 .net "E", 0 0, v000001e6787beb70_0;  1 drivers
v000001e6787bea30_0 .var "Y", 3 0;
E_000001e6787b9f50 .event anyedge, v000001e6787d2ee0_0, v000001e6787d2cc0_0;
    .scope S_000001e6787bc1f0;
T_0 ;
    %wait E_000001e6787b9f50;
    %load/vec4 v000001e6787d2ee0_0;
    %load/vec4 v000001e6787d2cc0_0;
    %concat/vec4; draw_concat_vec4
    %dup/vec4;
    %pushi/vec4 4, 0, 3;
    %cmp/u;
    %jmp/1 T_0.0, 6;
    %dup/vec4;
    %pushi/vec4 5, 0, 3;
    %cmp/u;
    %jmp/1 T_0.1, 6;
    %dup/vec4;
    %pushi/vec4 6, 0, 3;
    %cmp/u;
    %jmp/1 T_0.2, 6;
    %dup/vec4;
    %pushi/vec4 7, 0, 3;
    %cmp/u;
    %jmp/1 T_0.3, 6;
    %pushi/vec4 0, 0, 4;
    %store/vec4 v000001e6787bea30_0, 0, 4;
    %jmp T_0.5;
T_0.0 ;
    %pushi/vec4 1, 0, 4;
    %store/vec4 v000001e6787bea30_0, 0, 4;
    %jmp T_0.5;
T_0.1 ;
    %pushi/vec4 2, 0, 4;
    %store/vec4 v000001e6787bea30_0, 0, 4;
    %jmp T_0.5;
T_0.2 ;
    %pushi/vec4 4, 0, 4;
    %store/vec4 v000001e6787bea30_0, 0, 4;
    %jmp T_0.5;
T_0.3 ;
    %pushi/vec4 8, 0, 4;
    %store/vec4 v000001e6787bea30_0, 0, 4;
    %jmp T_0.5;
T_0.5 ;
    %pop/vec4 1;
    %jmp T_0;
    .thread T_0, $push;
    .scope S_000001e6787b98e0;
T_1 ;
    %vpi_call 2 16 "$dumpfile", "dec_case_tb.vcd" {0 0 0};
    %vpi_call 2 17 "$dumpvars", 32'sb00000000000000000000000000000000, S_000001e6787b98e0 {0 0 0};
    %pushi/vec4 0, 0, 1;
    %ix/load 4, 1, 0;
    %flag_set/imm 4, 0;
    %store/vec4 v000001e6787bead0_0, 4, 1;
    %pushi/vec4 0, 0, 1;
    %ix/load 4, 0, 0;
    %flag_set/imm 4, 0;
    %store/vec4 v000001e6787bead0_0, 4, 1;
    %pushi/vec4 0, 0, 1;
    %store/vec4 v000001e6787beb70_0, 0, 1;
    %delay 20000, 0;
    %pushi/vec4 1, 0, 1;
    %store/vec4 v000001e6787beb70_0, 0, 1;
    %delay 20000, 0;
    %pushi/vec4 1, 0, 1;
    %ix/load 4, 0, 0;
    %flag_set/imm 4, 0;
    %store/vec4 v000001e6787bead0_0, 4, 1;
    %delay 20000, 0;
    %pushi/vec4 1, 0, 1;
    %ix/load 4, 1, 0;
    %flag_set/imm 4, 0;
    %store/vec4 v000001e6787bead0_0, 4, 1;
    %delay 20000, 0;
    %pushi/vec4 0, 0, 1;
    %ix/load 4, 0, 0;
    %flag_set/imm 4, 0;
    %store/vec4 v000001e6787bead0_0, 4, 1;
    %delay 20000, 0;
    %end;
    .thread T_1;
    .scope S_000001e6787b98e0;
T_2 ;
    %vpi_call 2 40 "$monitor", "A=%b, E=%b, Y=%b", v000001e6787bead0_0, v000001e6787beb70_0, v000001e6787bec10_0 {0 0 0};
    %end;
    .thread T_2;
# The file index is used to find the file name in the following table.
:file_names 4;
    "N/A";
    "<interactive>";
    "dec_case_tb.v";
    "dec_case.v";
