#! /c/Source/iverilog-install/bin/vvp
:ivl_version "12.0 (devel)" "(s20150603-1539-g2693dd32b)";
:ivl_delay_selection "TYPICAL";
:vpi_time_precision - 12;
:vpi_module "C:\iverilog\lib\ivl\system.vpi";
:vpi_module "C:\iverilog\lib\ivl\vhdl_sys.vpi";
:vpi_module "C:\iverilog\lib\ivl\vhdl_textio.vpi";
:vpi_module "C:\iverilog\lib\ivl\v2005_math.vpi";
:vpi_module "C:\iverilog\lib\ivl\va_math.vpi";
S_000002796f27cc50 .scope module, "pri_enc_tb" "pri_enc_tb" 2 3;
 .timescale -9 -12;
v000002796f319a50_0 .net "A", 1 0, L_000002796f319690;  1 drivers
v000002796f319230_0 .var "Y", 3 0;
S_000002796f27dae0 .scope module, "uut" "pri_enc" 2 7, 3 1 0, S_000002796f27cc50;
 .timescale 0 0;
    .port_info 0 /INPUT 4 "Y";
    .port_info 1 /OUTPUT 2 "A";
L_000002796f2c8880 .functor NOT 1, L_000002796f319370, C4<0>, C4<0>, C4<0>;
L_000002796f2c89d0 .functor AND 1, L_000002796f2c8880, L_000002796f319e10, C4<1>, C4<1>;
L_000002796f2c8ce0 .functor OR 1, L_000002796f2c89d0, L_000002796f319050, C4<0>, C4<0>;
L_000002796f2c8810 .functor NOT 1, L_000002796f319d70, C4<0>, C4<0>, C4<0>;
L_000002796f2c8c70 .functor NOT 1, L_000002796f319f50, C4<0>, C4<0>, C4<0>;
L_000002796f2c8960 .functor AND 1, L_000002796f2c8810, L_000002796f2c8c70, C4<1>, C4<1>;
L_000002796f2c8d50 .functor AND 1, L_000002796f2c8960, L_000002796f3190f0, C4<1>, C4<1>;
L_000002796f2c88f0 .functor OR 1, L_000002796f2c8d50, L_000002796f319550, C4<0>, C4<0>;
v000002796f292ca0_0 .net "A", 1 0, L_000002796f319690;  alias, 1 drivers
v000002796f2928d0_0 .net "Y", 3 0, v000002796f319230_0;  1 drivers
v000002796f3195f0_0 .net *"_ivl_11", 0 0, L_000002796f319050;  1 drivers
v000002796f319870_0 .net *"_ivl_12", 0 0, L_000002796f2c8ce0;  1 drivers
v000002796f319190_0 .net *"_ivl_18", 0 0, L_000002796f319d70;  1 drivers
v000002796f319af0_0 .net *"_ivl_19", 0 0, L_000002796f2c8810;  1 drivers
v000002796f319730_0 .net *"_ivl_22", 0 0, L_000002796f319f50;  1 drivers
v000002796f3192d0_0 .net *"_ivl_23", 0 0, L_000002796f2c8c70;  1 drivers
v000002796f3197d0_0 .net *"_ivl_25", 0 0, L_000002796f2c8960;  1 drivers
v000002796f319c30_0 .net *"_ivl_28", 0 0, L_000002796f3190f0;  1 drivers
v000002796f319eb0_0 .net *"_ivl_29", 0 0, L_000002796f2c8d50;  1 drivers
v000002796f319910_0 .net *"_ivl_3", 0 0, L_000002796f319370;  1 drivers
v000002796f319410_0 .net *"_ivl_32", 0 0, L_000002796f319550;  1 drivers
v000002796f3199b0_0 .net *"_ivl_33", 0 0, L_000002796f2c88f0;  1 drivers
v000002796f319b90_0 .net *"_ivl_4", 0 0, L_000002796f2c8880;  1 drivers
v000002796f319cd0_0 .net *"_ivl_7", 0 0, L_000002796f319e10;  1 drivers
v000002796f3194b0_0 .net *"_ivl_8", 0 0, L_000002796f2c89d0;  1 drivers
L_000002796f319370 .part v000002796f319230_0, 3, 1;
L_000002796f319e10 .part v000002796f319230_0, 2, 1;
L_000002796f319050 .part v000002796f319230_0, 3, 1;
L_000002796f319690 .concat8 [ 1 1 0 0], L_000002796f2c88f0, L_000002796f2c8ce0;
L_000002796f319d70 .part v000002796f319230_0, 3, 1;
L_000002796f319f50 .part v000002796f319230_0, 2, 1;
L_000002796f3190f0 .part v000002796f319230_0, 1, 1;
L_000002796f319550 .part v000002796f319230_0, 3, 1;
    .scope S_000002796f27cc50;
T_0 ;
    %vpi_call 2 13 "$dumpfile", "pri_enc_tb.vcd" {0 0 0};
    %vpi_call 2 14 "$dumpvars", 32'sb00000000000000000000000000000000, S_000002796f27cc50 {0 0 0};
    %pushi/vec4 0, 0, 4;
    %store/vec4 v000002796f319230_0, 0, 4;
    %delay 10000, 0;
    %pushi/vec4 1, 0, 4;
    %store/vec4 v000002796f319230_0, 0, 4;
    %delay 10000, 0;
    %pushi/vec4 2, 0, 4;
    %store/vec4 v000002796f319230_0, 0, 4;
    %delay 10000, 0;
    %pushi/vec4 3, 0, 4;
    %store/vec4 v000002796f319230_0, 0, 4;
    %delay 10000, 0;
    %pushi/vec4 4, 0, 4;
    %store/vec4 v000002796f319230_0, 0, 4;
    %delay 10000, 0;
    %pushi/vec4 5, 0, 4;
    %store/vec4 v000002796f319230_0, 0, 4;
    %delay 10000, 0;
    %pushi/vec4 6, 0, 4;
    %store/vec4 v000002796f319230_0, 0, 4;
    %delay 10000, 0;
    %pushi/vec4 7, 0, 4;
    %store/vec4 v000002796f319230_0, 0, 4;
    %delay 10000, 0;
    %pushi/vec4 8, 0, 4;
    %store/vec4 v000002796f319230_0, 0, 4;
    %delay 10000, 0;
    %pushi/vec4 9, 0, 4;
    %store/vec4 v000002796f319230_0, 0, 4;
    %delay 10000, 0;
    %pushi/vec4 10, 0, 4;
    %store/vec4 v000002796f319230_0, 0, 4;
    %delay 10000, 0;
    %pushi/vec4 11, 0, 4;
    %store/vec4 v000002796f319230_0, 0, 4;
    %delay 10000, 0;
    %pushi/vec4 12, 0, 4;
    %store/vec4 v000002796f319230_0, 0, 4;
    %delay 10000, 0;
    %pushi/vec4 13, 0, 4;
    %store/vec4 v000002796f319230_0, 0, 4;
    %delay 10000, 0;
    %pushi/vec4 14, 0, 4;
    %store/vec4 v000002796f319230_0, 0, 4;
    %delay 10000, 0;
    %pushi/vec4 15, 0, 4;
    %store/vec4 v000002796f319230_0, 0, 4;
    %delay 10000, 0;
    %vpi_call 2 48 "$finish" {0 0 0};
    %end;
    .thread T_0;
    .scope S_000002796f27cc50;
T_1 ;
    %vpi_call 2 52 "$monitor", "Y=%b, A=%b", v000002796f319230_0, v000002796f319a50_0 {0 0 0};
    %end;
    .thread T_1;
# The file index is used to find the file name in the following table.
:file_names 4;
    "N/A";
    "<interactive>";
    "pri_enc_tb.v";
    "pri_enc.v";
