#! /c/Source/iverilog-install/bin/vvp
:ivl_version "12.0 (devel)" "(s20150603-1539-g2693dd32b)";
:ivl_delay_selection "TYPICAL";
:vpi_time_precision - 12;
:vpi_module "C:\iverilog\lib\ivl\system.vpi";
:vpi_module "C:\iverilog\lib\ivl\vhdl_sys.vpi";
:vpi_module "C:\iverilog\lib\ivl\vhdl_textio.vpi";
:vpi_module "C:\iverilog\lib\ivl\v2005_math.vpi";
:vpi_module "C:\iverilog\lib\ivl\va_math.vpi";
S_000002ae8d562510 .scope module, "comparator_tb" "comparator_tb" 2 3;
 .timescale -9 -12;
v000002ae8d6ecbf0_0 .var "x", 0 0;
v000002ae8d6ecc90_0 .var "y", 0 0;
v000002ae8d6ecd30_0 .net "z", 0 0, L_000002ae8d594a10;  1 drivers
S_000002ae8d5626a0 .scope module, "uut" "comparator" 2 7, 3 1 0, S_000002ae8d562510;
 .timescale 0 0;
    .port_info 0 /INPUT 1 "x";
    .port_info 1 /INPUT 1 "y";
    .port_info 2 /OUTPUT 1 "z";
L_000002ae8d562fb0 .functor NOT 1, v000002ae8d6ecbf0_0, C4<0>, C4<0>, C4<0>;
L_000002ae8d6eb290 .functor NOT 1, v000002ae8d6ecc90_0, C4<0>, C4<0>, C4<0>;
L_000002ae8d594930 .functor AND 1, v000002ae8d6ecbf0_0, v000002ae8d6ecc90_0, C4<1>, C4<1>;
L_000002ae8d5949a0 .functor AND 1, L_000002ae8d562fb0, L_000002ae8d6eb290, C4<1>, C4<1>;
L_000002ae8d594a10 .functor OR 1, L_000002ae8d594930, L_000002ae8d5949a0, C4<0>, C4<0>;
v000002ae8d562b70_0 .net "p", 0 0, L_000002ae8d594930;  1 drivers
v000002ae8d562d90_0 .net "q", 0 0, L_000002ae8d5949a0;  1 drivers
v000002ae8d6ea790_0 .net "x", 0 0, v000002ae8d6ecbf0_0;  1 drivers
v000002ae8d6ec440_0 .net "x_", 0 0, L_000002ae8d562fb0;  1 drivers
v000002ae8d562830_0 .net "y", 0 0, v000002ae8d6ecc90_0;  1 drivers
v000002ae8d5628d0_0 .net "y_", 0 0, L_000002ae8d6eb290;  1 drivers
v000002ae8d6ecb50_0 .net "z", 0 0, L_000002ae8d594a10;  alias, 1 drivers
    .scope S_000002ae8d562510;
T_0 ;
    %vpi_call 2 15 "$dumpfile", "comparator_tb.vcd" {0 0 0};
    %vpi_call 2 16 "$dumpvars", 32'sb00000000000000000000000000000000, S_000002ae8d562510 {0 0 0};
    %pushi/vec4 0, 0, 1;
    %store/vec4 v000002ae8d6ecbf0_0, 0, 1;
    %pushi/vec4 0, 0, 1;
    %store/vec4 v000002ae8d6ecc90_0, 0, 1;
    %delay 10000, 0;
    %pushi/vec4 0, 0, 1;
    %store/vec4 v000002ae8d6ecbf0_0, 0, 1;
    %pushi/vec4 1, 0, 1;
    %store/vec4 v000002ae8d6ecc90_0, 0, 1;
    %delay 10000, 0;
    %pushi/vec4 1, 0, 1;
    %store/vec4 v000002ae8d6ecbf0_0, 0, 1;
    %pushi/vec4 0, 0, 1;
    %store/vec4 v000002ae8d6ecc90_0, 0, 1;
    %delay 10000, 0;
    %pushi/vec4 1, 0, 1;
    %store/vec4 v000002ae8d6ecbf0_0, 0, 1;
    %pushi/vec4 1, 0, 1;
    %store/vec4 v000002ae8d6ecc90_0, 0, 1;
    %delay 10000, 0;
    %vpi_call 2 22 "$finish" {0 0 0};
    %end;
    .thread T_0;
    .scope S_000002ae8d562510;
T_1 ;
    %vpi_call 2 26 "$monitor", "x=%b, y=%b, z=%b", v000002ae8d6ecbf0_0, v000002ae8d6ecc90_0, v000002ae8d6ecd30_0 {0 0 0};
    %end;
    .thread T_1;
# The file index is used to find the file name in the following table.
:file_names 4;
    "N/A";
    "<interactive>";
    "comparator_tb.v";
    "comparator.v";
