#! /c/Source/iverilog-install/bin/vvp
:ivl_version "12.0 (devel)" "(s20150603-1539-g2693dd32b)";
:ivl_delay_selection "TYPICAL";
:vpi_time_precision - 12;
:vpi_module "C:\iverilog\lib\ivl\system.vpi";
:vpi_module "C:\iverilog\lib\ivl\vhdl_sys.vpi";
:vpi_module "C:\iverilog\lib\ivl\vhdl_textio.vpi";
:vpi_module "C:\iverilog\lib\ivl\v2005_math.vpi";
:vpi_module "C:\iverilog\lib\ivl\va_math.vpi";
S_000002364753bdf0 .scope module, "_16bit_tb" "_16bit_tb" 2 3;
 .timescale -9 -12;
v00000236473b24d0_0 .var "clk", 0 0;
v00000236473b2570_0 .var "i", 15 0;
v00000236473b2610_0 .net "o", 15 0, v000002364753c850_0;  1 drivers
v00000236473b26b0_0 .var "rst", 0 0;
S_000002364753c620 .scope module, "uut" "_16bit" 2 8, 3 1 0, S_000002364753bdf0;
 .timescale 0 0;
    .port_info 0 /INPUT 1 "clk";
    .port_info 1 /INPUT 1 "rst";
    .port_info 2 /INPUT 16 "i";
    .port_info 3 /OUTPUT 16 "o";
v00000236473b2b30_0 .net "clk", 0 0, v00000236473b24d0_0;  1 drivers
v000002364753c7b0_0 .net "i", 15 0, v00000236473b2570_0;  1 drivers
v000002364753c850_0 .var "o", 15 0;
v000002364753c8f0_0 .net "rst", 0 0, v00000236473b26b0_0;  1 drivers
E_00000236473d6650 .event posedge, v000002364753c8f0_0, v00000236473b2b30_0;
    .scope S_000002364753c620;
T_0 ;
    %wait E_00000236473d6650;
    %load/vec4 v000002364753c8f0_0;
    %flag_set/vec4 8;
    %jmp/0xz  T_0.0, 8;
    %pushi/vec4 0, 0, 16;
    %assign/vec4 v000002364753c850_0, 0;
    %jmp T_0.1;
T_0.0 ;
    %load/vec4 v000002364753c7b0_0;
    %assign/vec4 v000002364753c850_0, 0;
T_0.1 ;
    %jmp T_0;
    .thread T_0;
    .scope S_000002364753bdf0;
T_1 ;
    %load/vec4 v00000236473b24d0_0;
    %inv;
    %store/vec4 v00000236473b24d0_0, 0, 1;
    %delay 5000, 0;
    %jmp T_1;
    .thread T_1;
    .scope S_000002364753bdf0;
T_2 ;
    %vpi_call 2 21 "$dumpfile", "16bit_tb.vcd" {0 0 0};
    %vpi_call 2 22 "$dumpvars", 32'sb00000000000000000000000000000000, S_000002364753bdf0 {0 0 0};
    %pushi/vec4 0, 0, 1;
    %assign/vec4 v00000236473b24d0_0, 0;
    %pushi/vec4 1, 0, 1;
    %assign/vec4 v00000236473b26b0_0, 0;
    %pushi/vec4 0, 0, 16;
    %assign/vec4 v00000236473b2570_0, 0;
    %delay 10000, 0;
    %pushi/vec4 0, 0, 1;
    %assign/vec4 v00000236473b26b0_0, 0;
    %delay 10000, 0;
    %pushi/vec4 1, 0, 16;
    %assign/vec4 v00000236473b2570_0, 0;
    %delay 10000, 0;
    %pushi/vec4 2, 0, 16;
    %assign/vec4 v00000236473b2570_0, 0;
    %delay 10000, 0;
    %pushi/vec4 4, 0, 16;
    %assign/vec4 v00000236473b2570_0, 0;
    %delay 10000, 0;
    %vpi_call 2 31 "$finish" {0 0 0};
    %end;
    .thread T_2;
    .scope S_000002364753bdf0;
T_3 ;
    %vpi_call 2 35 "$monitor", "clk=%b, rst=%b, i=%16b, o=%16b", v00000236473b24d0_0, v00000236473b26b0_0, v00000236473b2570_0, v00000236473b2610_0 {0 0 0};
    %end;
    .thread T_3;
# The file index is used to find the file name in the following table.
:file_names 4;
    "N/A";
    "<interactive>";
    "_16bit_tb.v";
    "_16bit.v";
